{"/Users/nikitamistri/Documents/Projects/CovidTrackingAndComparison/frontend/src/App.tsx": {"path":"/Users/nikitamistri/Documents/Projects/CovidTrackingAndComparison/frontend/src/App.tsx","statementMap":{"0":{"start":{"line":1,"column":0},"end":{"line":1,"column":43}},"1":{"start":{"line":2,"column":0},"end":{"line":2,"column":65}},"2":{"start":{"line":3,"column":0},"end":{"line":3,"column":41}},"3":{"start":{"line":4,"column":0},"end":{"line":4,"column":53}},"4":{"start":{"line":5,"column":0},"end":{"line":5,"column":45}},"5":{"start":{"line":6,"column":0},"end":{"line":6,"column":45}},"6":{"start":{"line":7,"column":0},"end":{"line":7,"column":65}},"7":{"start":{"line":8,"column":0},"end":{"line":8,"column":44}},"8":{"start":{"line":9,"column":0},"end":{"line":9,"column":null}},"9":{"start":{"line":18,"column":0},"end":{"line":18,"column":46}},"10":{"start":{"line":19,"column":0},"end":{"line":19,"column":48}},"11":{"start":{"line":20,"column":0},"end":{"line":20,"column":40}},"12":{"start":{"line":21,"column":0},"end":{"line":21,"column":48}},"13":{"start":{"line":23,"column":12},"end":{"line":89,"column":1}},"14":{"start":{"line":25,"column":4},"end":{"line":25,"column":34}},"15":{"start":{"line":25,"column":28},"end":{"line":25,"column":33}},"16":{"start":{"line":26,"column":28},"end":{"line":26,"column":40}},"17":{"start":{"line":27,"column":36},"end":{"line":27,"column":50}},"18":{"start":{"line":29,"column":35},"end":{"line":34,"column":17}},"19":{"start":{"line":30,"column":4},"end":{"line":32,"column":5}},"20":{"start":{"line":31,"column":6},"end":{"line":31,"column":40}},"21":{"start":{"line":33,"column":4},"end":{"line":33,"column":38}},"22":{"start":{"line":36,"column":2},"end":{"line":44,"column":13}},"23":{"start":{"line":37,"column":4},"end":{"line":43,"column":5}},"24":{"start":{"line":38,"column":6},"end":{"line":38,"column":36}},"25":{"start":{"line":39,"column":6},"end":{"line":40,"column":29}},"26":{"start":{"line":39,"column":25},"end":{"line":39,"column":76}},"27":{"start":{"line":40,"column":11},"end":{"line":40,"column":29}},"28":{"start":{"line":41,"column":6},"end":{"line":42,"column":27}},"29":{"start":{"line":41,"column":23},"end":{"line":41,"column":70}},"30":{"start":{"line":42,"column":11},"end":{"line":42,"column":27}},"31":{"start":{"line":46,"column":2},"end":{"line":88,"column":4}},"32":{"start":{"line":68,"column":33},"end":{"line":68,"column":57}},"33":{"start":{"line":78,"column":18},"end":{"line":78,"column":38}},"34":{"start":{"line":91,"column":0},"end":{"line":91,"column":19}}},"fnMap":{"0":{"name":"(anonymous_1)","decl":{"start":{"line":23,"column":12},"end":{"line":23,"column":15}},"loc":{"start":{"line":23,"column":17},"end":{"line":89,"column":1}}},"1":{"name":"(anonymous_2)","decl":{"start":{"line":25,"column":17},"end":{"line":25,"column":18}},"loc":{"start":{"line":25,"column":28},"end":{"line":25,"column":33}}},"2":{"name":"(anonymous_3)","decl":{"start":{"line":29,"column":42},"end":{"line":29,"column":45}},"loc":{"start":{"line":29,"column":47},"end":{"line":34,"column":3}}},"3":{"name":"(anonymous_4)","decl":{"start":{"line":36,"column":12},"end":{"line":36,"column":15}},"loc":{"start":{"line":36,"column":17},"end":{"line":44,"column":3}}},"4":{"name":"(anonymous_5)","decl":{"start":{"line":68,"column":26},"end":{"line":68,"column":27}},"loc":{"start":{"line":68,"column":33},"end":{"line":68,"column":57}}},"5":{"name":"(anonymous_6)","decl":{"start":{"line":77,"column":25},"end":{"line":77,"column":28}},"loc":{"start":{"line":77,"column":30},"end":{"line":79,"column":17}}}},"branchMap":{"0":{"loc":{"start":{"line":30,"column":4},"end":{"line":32,"column":5}},"type":"if","locations":[{"start":{"line":30,"column":4},"end":{"line":32,"column":5}}]},"1":{"loc":{"start":{"line":37,"column":4},"end":{"line":43,"column":5}},"type":"if","locations":[{"start":{"line":37,"column":4},"end":{"line":43,"column":5}}]},"2":{"loc":{"start":{"line":38,"column":19},"end":{"line":38,"column":34}},"type":"cond-expr","locations":[{"start":{"line":38,"column":23},"end":{"line":38,"column":25}},{"start":{"line":38,"column":19},"end":{"line":38,"column":34}}]},"3":{"loc":{"start":{"line":38,"column":19},"end":{"line":38,"column":25}},"type":"binary-expr","locations":[{"start":{"line":38,"column":19},"end":{"line":38,"column":25}},{"start":{"line":38,"column":19},"end":{"line":38,"column":25}}]},"4":{"loc":{"start":{"line":39,"column":6},"end":{"line":40,"column":29}},"type":"if","locations":[{"start":{"line":39,"column":6},"end":{"line":40,"column":29}},{"start":{"line":40,"column":11},"end":{"line":40,"column":29}}]},"5":{"loc":{"start":{"line":41,"column":6},"end":{"line":42,"column":27}},"type":"if","locations":[{"start":{"line":41,"column":6},"end":{"line":42,"column":27}},{"start":{"line":42,"column":11},"end":{"line":42,"column":27}}]}},"s":{"0":0,"1":0,"2":0,"3":0,"4":0,"5":0,"6":0,"7":0,"8":0,"9":0,"10":0,"11":0,"12":0,"13":0,"14":0,"15":0,"16":0,"17":0,"18":0,"19":0,"20":0,"21":0,"22":0,"23":0,"24":0,"25":0,"26":0,"27":0,"28":0,"29":0,"30":0,"31":0,"32":0,"33":0,"34":0},"f":{"0":0,"1":0,"2":0,"3":0,"4":0,"5":0},"b":{"0":[0],"1":[0],"2":[0,0],"3":[0,0],"4":[0,0],"5":[0,0]}}
,"/Users/nikitamistri/Documents/Projects/CovidTrackingAndComparison/frontend/src/main.tsx": {"path":"/Users/nikitamistri/Documents/Projects/CovidTrackingAndComparison/frontend/src/main.tsx","statementMap":{"0":{"start":{"line":1,"column":0},"end":{"line":1,"column":35}},"1":{"start":{"line":2,"column":0},"end":{"line":2,"column":46}},"2":{"start":{"line":3,"column":0},"end":{"line":3,"column":21}},"3":{"start":{"line":4,"column":0},"end":{"line":4,"column":24}},"4":{"start":{"line":6,"column":0},"end":{"line":10,"column":2}}},"fnMap":{},"branchMap":{},"s":{"0":0,"1":0,"2":0,"3":0,"4":0},"f":{},"b":{}}
,"/Users/nikitamistri/Documents/Projects/CovidTrackingAndComparison/frontend/src/api/getApis.ts": {"path":"/Users/nikitamistri/Documents/Projects/CovidTrackingAndComparison/frontend/src/api/getApis.ts","statementMap":{"0":{"start":{"line":1,"column":0},"end":{"line":1,"column":38}},"1":{"start":{"line":3,"column":28},"end":{"line":6,"column":2}},"2":{"start":{"line":3,"column":58},"end":{"line":6,"column":2}},"3":{"start":{"line":4,"column":19},"end":{"line":4,"column":63}},"4":{"start":{"line":5,"column":2},"end":{"line":5,"column":23}},"5":{"start":{"line":3,"column":13},"end":{"line":3,"column":28}},"6":{"start":{"line":18,"column":31},"end":{"line":33,"column":2}},"7":{"start":{"line":23,"column":28},"end":{"line":33,"column":2}},"8":{"start":{"line":24,"column":19},"end":{"line":31,"column":4}},"9":{"start":{"line":32,"column":2},"end":{"line":32,"column":23}},"10":{"start":{"line":18,"column":13},"end":{"line":18,"column":31}},"11":{"start":{"line":40,"column":29},"end":{"line":49,"column":2}},"12":{"start":{"line":42,"column":31},"end":{"line":49,"column":2}},"13":{"start":{"line":43,"column":19},"end":{"line":47,"column":4}},"14":{"start":{"line":48,"column":2},"end":{"line":48,"column":23}},"15":{"start":{"line":40,"column":13},"end":{"line":40,"column":29}},"16":{"start":{"line":56,"column":40},"end":{"line":65,"column":2}},"17":{"start":{"line":58,"column":32},"end":{"line":65,"column":2}},"18":{"start":{"line":59,"column":19},"end":{"line":63,"column":4}},"19":{"start":{"line":64,"column":2},"end":{"line":64,"column":23}},"20":{"start":{"line":56,"column":13},"end":{"line":56,"column":40}},"21":{"start":{"line":74,"column":31},"end":{"line":81,"column":2}},"22":{"start":{"line":74,"column":76},"end":{"line":81,"column":2}},"23":{"start":{"line":75,"column":19},"end":{"line":79,"column":4}},"24":{"start":{"line":80,"column":2},"end":{"line":80,"column":23}},"25":{"start":{"line":74,"column":13},"end":{"line":74,"column":31}},"26":{"start":{"line":83,"column":30},"end":{"line":95,"column":2}},"27":{"start":{"line":88,"column":19},"end":{"line":95,"column":2}},"28":{"start":{"line":89,"column":2},"end":{"line":94,"column":5}},"29":{"start":{"line":83,"column":13},"end":{"line":83,"column":30}}},"fnMap":{"0":{"name":"(anonymous_8)","decl":{"start":{"line":3,"column":28},"end":{"line":3,"column":56}},"loc":{"start":{"line":3,"column":58},"end":{"line":6,"column":2}}},"1":{"name":"(anonymous_9)","decl":{"start":{"line":3,"column":58},"end":{"line":3,"column":null}},"loc":{"start":{"line":3,"column":58},"end":{"line":6,"column":1}}},"2":{"name":"(anonymous_10)","decl":{"start":{"line":18,"column":31},"end":{"line":18,"column":null}},"loc":{"start":{"line":23,"column":28},"end":{"line":33,"column":2}}},"3":{"name":"(anonymous_11)","decl":{"start":{"line":23,"column":28},"end":{"line":23,"column":null}},"loc":{"start":{"line":23,"column":28},"end":{"line":33,"column":1}}},"4":{"name":"(anonymous_12)","decl":{"start":{"line":40,"column":29},"end":{"line":40,"column":null}},"loc":{"start":{"line":42,"column":31},"end":{"line":49,"column":2}}},"5":{"name":"(anonymous_13)","decl":{"start":{"line":42,"column":31},"end":{"line":42,"column":null}},"loc":{"start":{"line":42,"column":31},"end":{"line":49,"column":1}}},"6":{"name":"(anonymous_14)","decl":{"start":{"line":56,"column":40},"end":{"line":56,"column":null}},"loc":{"start":{"line":58,"column":32},"end":{"line":65,"column":2}}},"7":{"name":"(anonymous_15)","decl":{"start":{"line":58,"column":32},"end":{"line":58,"column":null}},"loc":{"start":{"line":58,"column":32},"end":{"line":65,"column":1}}},"8":{"name":"(anonymous_16)","decl":{"start":{"line":74,"column":31},"end":{"line":74,"column":38}},"loc":{"start":{"line":74,"column":76},"end":{"line":81,"column":2}}},"9":{"name":"(anonymous_17)","decl":{"start":{"line":74,"column":76},"end":{"line":74,"column":null}},"loc":{"start":{"line":74,"column":76},"end":{"line":81,"column":1}}},"10":{"name":"(anonymous_18)","decl":{"start":{"line":83,"column":30},"end":{"line":83,"column":null}},"loc":{"start":{"line":88,"column":19},"end":{"line":95,"column":2}}},"11":{"name":"(anonymous_19)","decl":{"start":{"line":88,"column":19},"end":{"line":88,"column":null}},"loc":{"start":{"line":88,"column":19},"end":{"line":95,"column":1}}}},"branchMap":{},"s":{"0":0,"1":0,"2":0,"3":0,"4":0,"5":0,"6":0,"7":0,"8":0,"9":0,"10":0,"11":0,"12":0,"13":0,"14":0,"15":0,"16":0,"17":0,"18":0,"19":0,"20":0,"21":0,"22":0,"23":0,"24":0,"25":0,"26":0,"27":0,"28":0,"29":0},"f":{"0":0,"1":0,"2":0,"3":0,"4":0,"5":0,"6":0,"7":0,"8":0,"9":0,"10":0,"11":0},"b":{}}
,"/Users/nikitamistri/Documents/Projects/CovidTrackingAndComparison/frontend/src/api/httpClient.ts": {"path":"/Users/nikitamistri/Documents/Projects/CovidTrackingAndComparison/frontend/src/api/httpClient.ts","statementMap":{"0":{"start":{"line":1,"column":0},"end":{"line":1,"column":42}},"1":{"start":{"line":4,"column":19},"end":{"line":6,"column":2}},"2":{"start":{"line":9,"column":0},"end":{"line":18,"column":2}},"3":{"start":{"line":12,"column":4},"end":{"line":12,"column":18}},"4":{"start":{"line":15,"column":4},"end":{"line":15,"column":42}},"5":{"start":{"line":16,"column":4},"end":{"line":16,"column":33}},"6":{"start":{"line":21,"column":0},"end":{"line":34,"column":2}},"7":{"start":{"line":23,"column":4},"end":{"line":23,"column":20}},"8":{"start":{"line":26,"column":4},"end":{"line":26,"column":43}},"9":{"start":{"line":28,"column":4},"end":{"line":31,"column":5}},"10":{"start":{"line":30,"column":6},"end":{"line":30,"column":38}},"11":{"start":{"line":32,"column":4},"end":{"line":32,"column":33}},"12":{"start":{"line":36,"column":0},"end":{"line":36,"column":26}}},"fnMap":{"0":{"name":"(anonymous_1)","decl":{"start":{"line":10,"column":2},"end":{"line":10,"column":3}},"loc":{"start":{"line":10,"column":13},"end":{"line":13,"column":3}}},"1":{"name":"(anonymous_2)","decl":{"start":{"line":14,"column":2},"end":{"line":14,"column":3}},"loc":{"start":{"line":14,"column":24},"end":{"line":17,"column":3}}},"2":{"name":"(anonymous_3)","decl":{"start":{"line":22,"column":2},"end":{"line":22,"column":3}},"loc":{"start":{"line":22,"column":15},"end":{"line":24,"column":3}}},"3":{"name":"(anonymous_4)","decl":{"start":{"line":25,"column":2},"end":{"line":25,"column":3}},"loc":{"start":{"line":25,"column":24},"end":{"line":33,"column":3}}}},"branchMap":{"0":{"loc":{"start":{"line":28,"column":4},"end":{"line":31,"column":5}},"type":"if","locations":[{"start":{"line":28,"column":4},"end":{"line":31,"column":5}}]},"1":{"loc":{"start":{"line":28,"column":8},"end":{"line":28,"column":55}},"type":"binary-expr","locations":[{"start":{"line":28,"column":8},"end":{"line":28,"column":22}},{"start":{"line":28,"column":26},"end":{"line":28,"column":55}}]}},"s":{"0":0,"1":0,"2":0,"3":0,"4":0,"5":0,"6":0,"7":0,"8":0,"9":0,"10":0,"11":0,"12":0},"f":{"0":0,"1":0,"2":0,"3":0},"b":{"0":[0],"1":[0,0]}}
,"/Users/nikitamistri/Documents/Projects/CovidTrackingAndComparison/frontend/src/components/DateSelector.tsx": {"path":"/Users/nikitamistri/Documents/Projects/CovidTrackingAndComparison/frontend/src/components/DateSelector.tsx","statementMap":{"0":{"start":{"line":1,"column":0},"end":{"line":1,"column":44}},"1":{"start":{"line":2,"column":0},"end":{"line":2,"column":34}},"2":{"start":{"line":3,"column":0},"end":{"line":3,"column":56}},"3":{"start":{"line":6,"column":0},"end":{"line":6,"column":33}},"4":{"start":{"line":7,"column":0},"end":{"line":7,"column":48}},"5":{"start":{"line":8,"column":0},"end":{"line":8,"column":52}},"6":{"start":{"line":9,"column":0},"end":{"line":9,"column":null}},"7":{"start":{"line":14,"column":0},"end":{"line":14,"column":45}},"8":{"start":{"line":15,"column":0},"end":{"line":15,"column":47}},"9":{"start":{"line":17,"column":21},"end":{"line":81,"column":1}},"10":{"start":{"line":19,"column":4},"end":{"line":19,"column":34}},"11":{"start":{"line":19,"column":28},"end":{"line":19,"column":33}},"12":{"start":{"line":20,"column":26},"end":{"line":20,"column":68}},"13":{"start":{"line":22,"column":2},"end":{"line":26,"column":25}},"14":{"start":{"line":23,"column":4},"end":{"line":25,"column":5}},"15":{"start":{"line":24,"column":6},"end":{"line":24,"column":46}},"16":{"start":{"line":27,"column":2},"end":{"line":80,"column":4}},"17":{"start":{"line":69,"column":28},"end":{"line":75,"column":null}},"18":{"start":{"line":70,"column":10},"end":{"line":74,"column":11}},"19":{"start":{"line":71,"column":12},"end":{"line":71,"column":35}},"20":{"start":{"line":72,"column":12},"end":{"line":72,"column":31}},"21":{"start":{"line":73,"column":12},"end":{"line":73,"column":75}},"22":{"start":{"line":83,"column":0},"end":{"line":83,"column":28}}},"fnMap":{"0":{"name":"(anonymous_7)","decl":{"start":{"line":17,"column":21},"end":{"line":17,"column":24}},"loc":{"start":{"line":17,"column":26},"end":{"line":81,"column":1}}},"1":{"name":"(anonymous_8)","decl":{"start":{"line":19,"column":17},"end":{"line":19,"column":18}},"loc":{"start":{"line":19,"column":28},"end":{"line":19,"column":33}}},"2":{"name":"(anonymous_9)","decl":{"start":{"line":22,"column":12},"end":{"line":22,"column":15}},"loc":{"start":{"line":22,"column":17},"end":{"line":26,"column":3}}},"3":{"name":"(anonymous_10)","decl":{"start":{"line":69,"column":17},"end":{"line":69,"column":26}},"loc":{"start":{"line":69,"column":28},"end":{"line":75,"column":null}}},"4":{"name":"(anonymous_11)","decl":{"start":{"line":69,"column":28},"end":{"line":69,"column":null}},"loc":{"start":{"line":69,"column":28},"end":{"line":75,"column":9}}}},"branchMap":{"0":{"loc":{"start":{"line":23,"column":4},"end":{"line":25,"column":5}},"type":"if","locations":[{"start":{"line":23,"column":4},"end":{"line":25,"column":5}}]},"1":{"loc":{"start":{"line":23,"column":8},"end":{"line":23,"column":26}},"type":"binary-expr","locations":[{"start":{"line":23,"column":8},"end":{"line":23,"column":16}},{"start":{"line":23,"column":20},"end":{"line":23,"column":26}}]},"2":{"loc":{"start":{"line":36,"column":14},"end":{"line":36,"column":46}},"type":"binary-expr","locations":[{"start":{"line":36,"column":14},"end":{"line":36,"column":19}},{"start":{"line":36,"column":23},"end":{"line":36,"column":46}}]},"3":{"loc":{"start":{"line":41,"column":13},"end":{"line":51,"column":null}},"type":"cond-expr","locations":[{"start":{"line":42,"column":14},"end":{"line":48,"column":null}},{"start":{"line":51,"column":14},"end":{"line":51,"column":38}}]},"4":{"loc":{"start":{"line":41,"column":13},"end":{"line":41,"column":23}},"type":"cond-expr","locations":[{"start":{"line":41,"column":17},"end":{"line":41,"column":19}},{"start":{"line":41,"column":13},"end":{"line":41,"column":23}}]},"5":{"loc":{"start":{"line":41,"column":13},"end":{"line":41,"column":19}},"type":"binary-expr","locations":[{"start":{"line":41,"column":13},"end":{"line":41,"column":19}},{"start":{"line":41,"column":13},"end":{"line":41,"column":19}}]},"6":{"loc":{"start":{"line":42,"column":14},"end":{"line":48,"column":null}},"type":"cond-expr","locations":[{"start":{"line":43,"column":16},"end":{"line":45,"column":null}},{"start":{"line":48,"column":16},"end":{"line":48,"column":46}}]},"7":{"loc":{"start":{"line":59,"column":26},"end":{"line":59,"column":36}},"type":"cond-expr","locations":[{"start":{"line":59,"column":30},"end":{"line":59,"column":32}},{"start":{"line":59,"column":26},"end":{"line":59,"column":36}}]},"8":{"loc":{"start":{"line":59,"column":26},"end":{"line":59,"column":32}},"type":"binary-expr","locations":[{"start":{"line":59,"column":26},"end":{"line":59,"column":32}},{"start":{"line":59,"column":26},"end":{"line":59,"column":32}}]},"9":{"loc":{"start":{"line":67,"column":18},"end":{"line":67,"column":null}},"type":"binary-expr","locations":[{"start":{"line":67,"column":18},"end":{"line":67,"column":33}},{"start":{"line":67,"column":33},"end":{"line":67,"column":null}}]},"10":{"loc":{"start":{"line":67,"column":19},"end":{"line":67,"column":29}},"type":"cond-expr","locations":[{"start":{"line":67,"column":23},"end":{"line":67,"column":25}},{"start":{"line":67,"column":19},"end":{"line":67,"column":29}}]},"11":{"loc":{"start":{"line":67,"column":19},"end":{"line":67,"column":25}},"type":"binary-expr","locations":[{"start":{"line":67,"column":19},"end":{"line":67,"column":25}},{"start":{"line":67,"column":19},"end":{"line":67,"column":25}}]},"12":{"loc":{"start":{"line":67,"column":34},"end":{"line":67,"column":42}},"type":"cond-expr","locations":[{"start":{"line":67,"column":38},"end":{"line":67,"column":40}},{"start":{"line":67,"column":34},"end":{"line":67,"column":42}}]},"13":{"loc":{"start":{"line":67,"column":34},"end":{"line":67,"column":40}},"type":"binary-expr","locations":[{"start":{"line":67,"column":34},"end":{"line":67,"column":40}},{"start":{"line":67,"column":34},"end":{"line":67,"column":40}}]},"14":{"loc":{"start":{"line":70,"column":10},"end":{"line":74,"column":11}},"type":"if","locations":[{"start":{"line":70,"column":10},"end":{"line":74,"column":11}}]},"15":{"loc":{"start":{"line":70,"column":14},"end":{"line":70,"column":38}},"type":"binary-expr","locations":[{"start":{"line":70,"column":14},"end":{"line":70,"column":24}},{"start":{"line":70,"column":28},"end":{"line":70,"column":36}}]},"16":{"loc":{"start":{"line":70,"column":14},"end":{"line":70,"column":24}},"type":"cond-expr","locations":[{"start":{"line":70,"column":18},"end":{"line":70,"column":20}},{"start":{"line":70,"column":14},"end":{"line":70,"column":24}}]},"17":{"loc":{"start":{"line":70,"column":14},"end":{"line":70,"column":20}},"type":"binary-expr","locations":[{"start":{"line":70,"column":14},"end":{"line":70,"column":20}},{"start":{"line":70,"column":14},"end":{"line":70,"column":20}}]},"18":{"loc":{"start":{"line":70,"column":28},"end":{"line":70,"column":36}},"type":"cond-expr","locations":[{"start":{"line":70,"column":32},"end":{"line":70,"column":34}},{"start":{"line":70,"column":28},"end":{"line":70,"column":36}}]},"19":{"loc":{"start":{"line":70,"column":28},"end":{"line":70,"column":34}},"type":"binary-expr","locations":[{"start":{"line":70,"column":28},"end":{"line":70,"column":34}},{"start":{"line":70,"column":28},"end":{"line":70,"column":34}}]}},"s":{"0":1,"1":1,"2":1,"3":1,"4":1,"5":1,"6":1,"7":1,"8":1,"9":1,"10":4,"11":12,"12":4,"13":4,"14":2,"15":0,"16":4,"17":1,"18":1,"19":1,"20":1,"21":1,"22":1},"f":{"0":4,"1":12,"2":2,"3":1,"4":1},"b":{"0":[0],"1":[2,0],"2":[4,2],"3":[2,2],"4":[2,2],"5":[4,4],"6":[1,1],"7":[2,2],"8":[4,4],"9":[4,2],"10":[2,2],"11":[4,4],"12":[0,2],"13":[2,2],"14":[1],"15":[1,1],"16":[0,1],"17":[1,1],"18":[0,1],"19":[1,1]}}
,"/Users/nikitamistri/Documents/Projects/CovidTrackingAndComparison/frontend/src/components/Filters.tsx": {"path":"/Users/nikitamistri/Documents/Projects/CovidTrackingAndComparison/frontend/src/components/Filters.tsx","statementMap":{"0":{"start":{"line":1,"column":0},"end":{"line":1,"column":45}},"1":{"start":{"line":2,"column":0},"end":{"line":2,"column":37}},"2":{"start":{"line":3,"column":0},"end":{"line":3,"column":35}},"3":{"start":{"line":4,"column":0},"end":{"line":4,"column":47}},"4":{"start":{"line":6,"column":16},"end":{"line":40,"column":1}},"5":{"start":{"line":7,"column":49},"end":{"line":7,"column":79}},"6":{"start":{"line":7,"column":73},"end":{"line":7,"column":78}},"7":{"start":{"line":9,"column":2},"end":{"line":39,"column":4}},"8":{"start":{"line":13,"column":10},"end":{"line":14,"column":null}},"9":{"start":{"line":21,"column":34},"end":{"line":33,"column":null}},"10":{"start":{"line":22,"column":16},"end":{"line":26,"column":18}},"11":{"start":{"line":24,"column":40},"end":{"line":24,"column":66}},"12":{"start":{"line":27,"column":16},"end":{"line":32,"column":18}},"13":{"start":{"line":30,"column":40},"end":{"line":30,"column":66}},"14":{"start":{"line":42,"column":0},"end":{"line":42,"column":23}}},"fnMap":{"0":{"name":"(anonymous_7)","decl":{"start":{"line":6,"column":16},"end":{"line":6,"column":19}},"loc":{"start":{"line":6,"column":21},"end":{"line":40,"column":1}}},"1":{"name":"(anonymous_8)","decl":{"start":{"line":7,"column":62},"end":{"line":7,"column":63}},"loc":{"start":{"line":7,"column":73},"end":{"line":7,"column":78}}},"2":{"name":"(anonymous_9)","decl":{"start":{"line":12,"column":23},"end":{"line":12,"column":24}},"loc":{"start":{"line":13,"column":10},"end":{"line":14,"column":null}}},"3":{"name":"(anonymous_10)","decl":{"start":{"line":21,"column":23},"end":{"line":21,"column":32}},"loc":{"start":{"line":21,"column":34},"end":{"line":33,"column":null}}},"4":{"name":"(anonymous_11)","decl":{"start":{"line":21,"column":34},"end":{"line":21,"column":null}},"loc":{"start":{"line":21,"column":34},"end":{"line":33,"column":15}}},"5":{"name":"(anonymous_12)","decl":{"start":{"line":24,"column":20},"end":{"line":24,"column":21}},"loc":{"start":{"line":24,"column":40},"end":{"line":24,"column":66}}},"6":{"name":"(anonymous_13)","decl":{"start":{"line":30,"column":20},"end":{"line":30,"column":21}},"loc":{"start":{"line":30,"column":40},"end":{"line":30,"column":66}}}},"branchMap":{},"s":{"0":0,"1":0,"2":0,"3":0,"4":0,"5":0,"6":0,"7":0,"8":0,"9":0,"10":0,"11":0,"12":0,"13":0,"14":0},"f":{"0":0,"1":0,"2":0,"3":0,"4":0,"5":0,"6":0},"b":{}}
,"/Users/nikitamistri/Documents/Projects/CovidTrackingAndComparison/frontend/src/components/HeatMapChart.tsx": {"path":"/Users/nikitamistri/Documents/Projects/CovidTrackingAndComparison/frontend/src/components/HeatMapChart.tsx","statementMap":{"0":{"start":{"line":1,"column":0},"end":{"line":1,"column":46}},"1":{"start":{"line":2,"column":0},"end":{"line":2,"column":40}},"2":{"start":{"line":3,"column":0},"end":{"line":3,"column":39}},"3":{"start":{"line":4,"column":0},"end":{"line":4,"column":74}},"4":{"start":{"line":5,"column":0},"end":{"line":5,"column":33}},"5":{"start":{"line":6,"column":0},"end":{"line":6,"column":33}},"6":{"start":{"line":7,"column":0},"end":{"line":7,"column":33}},"7":{"start":{"line":9,"column":15},"end":{"line":9,"column":31}},"8":{"start":{"line":11,"column":18},"end":{"line":27,"column":2}},"9":{"start":{"line":29,"column":21},"end":{"line":113,"column":1}},"10":{"start":{"line":30,"column":40},"end":{"line":30,"column":65}},"11":{"start":{"line":32,"column":35},"end":{"line":34,"column":19}},"12":{"start":{"line":33,"column":4},"end":{"line":33,"column":38}},"13":{"start":{"line":37,"column":4},"end":{"line":37,"column":71}},"14":{"start":{"line":37,"column":58},"end":{"line":37,"column":65}},"15":{"start":{"line":39,"column":21},"end":{"line":42,"column":4}},"16":{"start":{"line":39,"column":43},"end":{"line":39,"column":63}},"17":{"start":{"line":44,"column":21},"end":{"line":44,"column":74}},"18":{"start":{"line":46,"column":2},"end":{"line":112,"column":4}},"19":{"start":{"line":50,"column":24},"end":{"line":50,"column":30}},"20":{"start":{"line":51,"column":10},"end":{"line":61,"column":12}},"21":{"start":{"line":55,"column":29},"end":{"line":55,"column":50}},"22":{"start":{"line":71,"column":55},"end":{"line":71,"column":75}},"23":{"start":{"line":81,"column":55},"end":{"line":81,"column":75}},"24":{"start":{"line":95,"column":18},"end":{"line":104,"column":20}},"25":{"start":{"line":96,"column":30},"end":{"line":96,"column":65}},"26":{"start":{"line":96,"column":47},"end":{"line":96,"column":64}},"27":{"start":{"line":97,"column":20},"end":{"line":103,"column":22}},"28":{"start":{"line":115,"column":0},"end":{"line":115,"column":28}}},"fnMap":{"0":{"name":"(anonymous_1)","decl":{"start":{"line":29,"column":21},"end":{"line":29,"column":24}},"loc":{"start":{"line":29,"column":26},"end":{"line":113,"column":1}}},"1":{"name":"(anonymous_2)","decl":{"start":{"line":32,"column":42},"end":{"line":32,"column":45}},"loc":{"start":{"line":32,"column":47},"end":{"line":34,"column":3}}},"2":{"name":"(anonymous_3)","decl":{"start":{"line":37,"column":51},"end":{"line":37,"column":52}},"loc":{"start":{"line":37,"column":58},"end":{"line":37,"column":65}}},"3":{"name":"(anonymous_4)","decl":{"start":{"line":39,"column":36},"end":{"line":39,"column":37}},"loc":{"start":{"line":39,"column":43},"end":{"line":39,"column":63}}},"4":{"name":"(anonymous_5)","decl":{"start":{"line":49,"column":23},"end":{"line":49,"column":24}},"loc":{"start":{"line":49,"column":31},"end":{"line":62,"column":9}}},"5":{"name":"(anonymous_6)","decl":{"start":{"line":55,"column":23},"end":{"line":55,"column":26}},"loc":{"start":{"line":55,"column":29},"end":{"line":55,"column":50}}},"6":{"name":"(anonymous_7)","decl":{"start":{"line":71,"column":48},"end":{"line":71,"column":49}},"loc":{"start":{"line":71,"column":55},"end":{"line":71,"column":75}}},"7":{"name":"(anonymous_8)","decl":{"start":{"line":81,"column":48},"end":{"line":81,"column":49}},"loc":{"start":{"line":81,"column":55},"end":{"line":81,"column":75}}},"8":{"name":"(anonymous_9)","decl":{"start":{"line":94,"column":17},"end":{"line":94,"column":18}},"loc":{"start":{"line":95,"column":18},"end":{"line":104,"column":20}}},"9":{"name":"(anonymous_10)","decl":{"start":{"line":95,"column":34},"end":{"line":95,"column":35}},"loc":{"start":{"line":95,"column":42},"end":{"line":104,"column":19}}},"10":{"name":"(anonymous_11)","decl":{"start":{"line":96,"column":40},"end":{"line":96,"column":41}},"loc":{"start":{"line":96,"column":47},"end":{"line":96,"column":64}}}},"branchMap":{"0":{"loc":{"start":{"line":37,"column":4},"end":{"line":37,"column":71}},"type":"cond-expr","locations":[{"start":{"line":37,"column":30},"end":{"line":37,"column":67}},{"start":{"line":37,"column":70},"end":{"line":37,"column":71}}]},"1":{"loc":{"start":{"line":37,"column":4},"end":{"line":37,"column":27}},"type":"binary-expr","locations":[{"start":{"line":37,"column":4},"end":{"line":37,"column":8}},{"start":{"line":37,"column":12},"end":{"line":37,"column":27}}]},"2":{"loc":{"start":{"line":39,"column":21},"end":{"line":42,"column":4}},"type":"binary-expr","locations":[{"start":{"line":39,"column":21},"end":{"line":39,"column":71}},{"start":{"line":39,"column":75},"end":{"line":42,"column":4}}]},"3":{"loc":{"start":{"line":39,"column":21},"end":{"line":39,"column":71}},"type":"cond-expr","locations":[{"start":{"line":39,"column":64},"end":{"line":39,"column":66}},{"start":{"line":39,"column":64},"end":{"line":39,"column":71}}]},"4":{"loc":{"start":{"line":39,"column":21},"end":{"line":39,"column":66}},"type":"binary-expr","locations":[{"start":{"line":39,"column":21},"end":{"line":39,"column":66}},{"start":{"line":39,"column":64},"end":{"line":39,"column":66}}]},"5":{"loc":{"start":{"line":54,"column":132},"end":{"line":54,"column":194}},"type":"cond-expr","locations":[{"start":{"line":54,"column":156},"end":{"line":54,"column":169}},{"start":{"line":54,"column":172},"end":{"line":54,"column":194}}]},"6":{"loc":{"start":{"line":71,"column":33},"end":{"line":72,"column":28}},"type":"cond-expr","locations":[{"start":{"line":71,"column":76},"end":{"line":71,"column":null}},{"start":{"line":71,"column":76},"end":{"line":72,"column":28}}]},"7":{"loc":{"start":{"line":71,"column":33},"end":{"line":71,"column":null}},"type":"binary-expr","locations":[{"start":{"line":71,"column":33},"end":{"line":71,"column":null}},{"start":{"line":71,"column":76},"end":{"line":71,"column":null}}]},"8":{"loc":{"start":{"line":81,"column":33},"end":{"line":82,"column":28}},"type":"cond-expr","locations":[{"start":{"line":81,"column":76},"end":{"line":81,"column":null}},{"start":{"line":81,"column":76},"end":{"line":82,"column":28}}]},"9":{"loc":{"start":{"line":81,"column":33},"end":{"line":81,"column":null}},"type":"binary-expr","locations":[{"start":{"line":81,"column":33},"end":{"line":81,"column":null}},{"start":{"line":81,"column":76},"end":{"line":81,"column":null}}]},"10":{"loc":{"start":{"line":88,"column":9},"end":{"line":108,"column":null}},"type":"cond-expr","locations":[{"start":{"line":89,"column":10},"end":{"line":89,"column":88}},{"start":{"line":91,"column":10},"end":{"line":107,"column":null}}]},"11":{"loc":{"start":{"line":92,"column":13},"end":{"line":106,"column":null}},"type":"binary-expr","locations":[{"start":{"line":92,"column":13},"end":{"line":92,"column":17}},{"start":{"line":92,"column":21},"end":{"line":92,"column":36}},{"start":{"line":93,"column":14},"end":{"line":104,"column":null}}]},"12":{"loc":{"start":{"line":101,"column":30},"end":{"line":101,"column":76}},"type":"cond-expr","locations":[{"start":{"line":101,"column":34},"end":{"line":101,"column":64}},{"start":{"line":101,"column":67},"end":{"line":101,"column":76}}]}},"s":{"0":0,"1":0,"2":0,"3":0,"4":0,"5":0,"6":0,"7":0,"8":0,"9":0,"10":0,"11":0,"12":0,"13":0,"14":0,"15":0,"16":0,"17":0,"18":0,"19":0,"20":0,"21":0,"22":0,"23":0,"24":0,"25":0,"26":0,"27":0,"28":0},"f":{"0":0,"1":0,"2":0,"3":0,"4":0,"5":0,"6":0,"7":0,"8":0,"9":0,"10":0},"b":{"0":[0,0],"1":[0,0],"2":[0,0],"3":[0,0],"4":[0,0],"5":[0,0],"6":[0,0],"7":[0,0],"8":[0,0],"9":[0,0],"10":[0,0],"11":[0,0,0],"12":[0,0]}}
,"/Users/nikitamistri/Documents/Projects/CovidTrackingAndComparison/frontend/src/components/LineChartComponent.tsx": {"path":"/Users/nikitamistri/Documents/Projects/CovidTrackingAndComparison/frontend/src/components/LineChartComponent.tsx","statementMap":{"0":{"start":{"line":1,"column":0},"end":{"line":1,"column":48}},"1":{"start":{"line":2,"column":0},"end":{"line":2,"column":40}},"2":{"start":{"line":3,"column":0},"end":{"line":3,"column":45}},"3":{"start":{"line":4,"column":0},"end":{"line":4,"column":34}},"4":{"start":{"line":5,"column":0},"end":{"line":5,"column":null}},"5":{"start":{"line":15,"column":0},"end":{"line":15,"column":57}},"6":{"start":{"line":16,"column":0},"end":{"line":16,"column":33}},"7":{"start":{"line":17,"column":0},"end":{"line":17,"column":42}},"8":{"start":{"line":19,"column":0},"end":{"line":19,"column":33}},"9":{"start":{"line":21,"column":18},"end":{"line":47,"column":2}},"10":{"start":{"line":49,"column":27},"end":{"line":148,"column":1}},"11":{"start":{"line":50,"column":40},"end":{"line":51,"column":null}},"12":{"start":{"line":54,"column":42},"end":{"line":54,"column":72}},"13":{"start":{"line":54,"column":66},"end":{"line":54,"column":71}},"14":{"start":{"line":55,"column":35},"end":{"line":65,"column":48}},"15":{"start":{"line":56,"column":4},"end":{"line":63,"column":5}},"16":{"start":{"line":57,"column":6},"end":{"line":62,"column":8}},"17":{"start":{"line":64,"column":4},"end":{"line":64,"column":38}},"18":{"start":{"line":67,"column":19},"end":{"line":67,"column":79}},"19":{"start":{"line":67,"column":38},"end":{"line":67,"column":79}},"20":{"start":{"line":69,"column":22},"end":{"line":80,"column":17}},"21":{"start":{"line":70,"column":4},"end":{"line":79,"column":6}},"22":{"start":{"line":72,"column":8},"end":{"line":75,"column":10}},"23":{"start":{"line":76,"column":8},"end":{"line":76,"column":22}},"24":{"start":{"line":82,"column":2},"end":{"line":147,"column":4}},"25":{"start":{"line":86,"column":24},"end":{"line":86,"column":58}},"26":{"start":{"line":87,"column":10},"end":{"line":100,"column":12}},"27":{"start":{"line":91,"column":29},"end":{"line":91,"column":50}},"28":{"start":{"line":122,"column":42},"end":{"line":122,"column":78}},"29":{"start":{"line":129,"column":43},"end":{"line":129,"column":79}},"30":{"start":{"line":130,"column":44},"end":{"line":130,"column":62}},"31":{"start":{"line":134,"column":16},"end":{"line":135,"column":null}},"32":{"start":{"line":150,"column":0},"end":{"line":150,"column":34}}},"fnMap":{"0":{"name":"(anonymous_1)","decl":{"start":{"line":49,"column":27},"end":{"line":49,"column":30}},"loc":{"start":{"line":49,"column":32},"end":{"line":148,"column":1}}},"1":{"name":"(anonymous_2)","decl":{"start":{"line":54,"column":55},"end":{"line":54,"column":56}},"loc":{"start":{"line":54,"column":66},"end":{"line":54,"column":71}}},"2":{"name":"(anonymous_3)","decl":{"start":{"line":55,"column":42},"end":{"line":55,"column":45}},"loc":{"start":{"line":55,"column":47},"end":{"line":65,"column":3}}},"3":{"name":"(anonymous_4)","decl":{"start":{"line":67,"column":19},"end":{"line":67,"column":20}},"loc":{"start":{"line":67,"column":38},"end":{"line":67,"column":79}}},"4":{"name":"(anonymous_5)","decl":{"start":{"line":69,"column":30},"end":{"line":69,"column":33}},"loc":{"start":{"line":69,"column":35},"end":{"line":80,"column":3}}},"5":{"name":"(anonymous_6)","decl":{"start":{"line":71,"column":6},"end":{"line":71,"column":7}},"loc":{"start":{"line":71,"column":33},"end":{"line":77,"column":7}}},"6":{"name":"(anonymous_7)","decl":{"start":{"line":85,"column":23},"end":{"line":85,"column":24}},"loc":{"start":{"line":85,"column":31},"end":{"line":101,"column":9}}},"7":{"name":"(anonymous_8)","decl":{"start":{"line":91,"column":23},"end":{"line":91,"column":26}},"loc":{"start":{"line":91,"column":29},"end":{"line":91,"column":50}}},"8":{"name":"(anonymous_9)","decl":{"start":{"line":122,"column":31},"end":{"line":122,"column":32}},"loc":{"start":{"line":122,"column":42},"end":{"line":122,"column":78}}},"9":{"name":"(anonymous_10)","decl":{"start":{"line":129,"column":32},"end":{"line":129,"column":33}},"loc":{"start":{"line":129,"column":43},"end":{"line":129,"column":79}}},"10":{"name":"(anonymous_11)","decl":{"start":{"line":130,"column":27},"end":{"line":130,"column":28}},"loc":{"start":{"line":130,"column":44},"end":{"line":130,"column":62}}},"11":{"name":"(anonymous_12)","decl":{"start":{"line":133,"column":29},"end":{"line":133,"column":30}},"loc":{"start":{"line":134,"column":16},"end":{"line":135,"column":null}}}},"branchMap":{"0":{"loc":{"start":{"line":56,"column":4},"end":{"line":63,"column":5}},"type":"if","locations":[{"start":{"line":56,"column":4},"end":{"line":63,"column":5}}]},"1":{"loc":{"start":{"line":56,"column":8},"end":{"line":56,"column":50}},"type":"binary-expr","locations":[{"start":{"line":56,"column":8},"end":{"line":56,"column":28}},{"start":{"line":56,"column":32},"end":{"line":56,"column":40}},{"start":{"line":56,"column":44},"end":{"line":56,"column":50}}]},"2":{"loc":{"start":{"line":90,"column":167},"end":{"line":90,"column":266}},"type":"cond-expr","locations":[{"start":{"line":90,"column":191},"end":{"line":90,"column":250}},{"start":{"line":90,"column":253},"end":{"line":90,"column":266}}]},"3":{"loc":{"start":{"line":103,"column":7},"end":{"line":144,"column":null}},"type":"cond-expr","locations":[{"start":{"line":104,"column":8},"end":{"line":104,"column":null}},{"start":{"line":108,"column":8},"end":{"line":143,"column":null}}]},"4":{"loc":{"start":{"line":103,"column":7},"end":{"line":103,"column":53}},"type":"binary-expr","locations":[{"start":{"line":103,"column":7},"end":{"line":103,"column":29}},{"start":{"line":103,"column":33},"end":{"line":103,"column":42}},{"start":{"line":103,"column":46},"end":{"line":103,"column":53}}]},"5":{"loc":{"start":{"line":112,"column":11},"end":{"line":142,"column":null}},"type":"cond-expr","locations":[{"start":{"line":113,"column":12},"end":{"line":113,"column":93}},{"start":{"line":115,"column":12},"end":{"line":141,"column":null}}]}},"s":{"0":1,"1":1,"2":1,"3":1,"4":1,"5":1,"6":1,"7":1,"8":1,"9":1,"10":1,"11":4,"12":4,"13":0,"14":4,"15":2,"16":2,"17":0,"18":4,"19":8,"20":4,"21":2,"22":4,"23":4,"24":4,"25":20,"26":20,"27":0,"28":0,"29":0,"30":0,"31":4,"32":1},"f":{"0":4,"1":0,"2":2,"3":8,"4":2,"5":4,"6":20,"7":0,"8":0,"9":0,"10":0,"11":4},"b":{"0":[2],"1":[2,2,2],"2":[4,16],"3":[0,4],"4":[4,4,4],"5":[2,2]}}
,"/Users/nikitamistri/Documents/Projects/CovidTrackingAndComparison/frontend/src/components/Navbar.tsx": {"path":"/Users/nikitamistri/Documents/Projects/CovidTrackingAndComparison/frontend/src/components/Navbar.tsx","statementMap":{"0":{"start":{"line":1,"column":0},"end":{"line":1,"column":45}},"1":{"start":{"line":2,"column":0},"end":{"line":2,"column":42}},"2":{"start":{"line":3,"column":0},"end":{"line":3,"column":36}},"3":{"start":{"line":5,"column":15},"end":{"line":20,"column":1}},"4":{"start":{"line":6,"column":35},"end":{"line":6,"column":65}},"5":{"start":{"line":6,"column":59},"end":{"line":6,"column":64}},"6":{"start":{"line":8,"column":2},"end":{"line":19,"column":4}},"7":{"start":{"line":22,"column":0},"end":{"line":22,"column":22}}},"fnMap":{"0":{"name":"(anonymous_1)","decl":{"start":{"line":5,"column":15},"end":{"line":5,"column":18}},"loc":{"start":{"line":5,"column":20},"end":{"line":20,"column":1}}},"1":{"name":"(anonymous_2)","decl":{"start":{"line":6,"column":48},"end":{"line":6,"column":49}},"loc":{"start":{"line":6,"column":59},"end":{"line":6,"column":64}}}},"branchMap":{"0":{"loc":{"start":{"line":15,"column":7},"end":{"line":16,"column":null}},"type":"binary-expr","locations":[{"start":{"line":15,"column":7},"end":{"line":15,"column":27}},{"start":{"line":16,"column":8},"end":{"line":16,"column":71}}]}},"s":{"0":0,"1":0,"2":0,"3":0,"4":0,"5":0,"6":0,"7":0},"f":{"0":0,"1":0},"b":{"0":[0,0]}}
,"/Users/nikitamistri/Documents/Projects/CovidTrackingAndComparison/frontend/src/components/RadialAndBarCharts.tsx": {"path":"/Users/nikitamistri/Documents/Projects/CovidTrackingAndComparison/frontend/src/components/RadialAndBarCharts.tsx","statementMap":{"0":{"start":{"line":32,"column":0},"end":{"line":32,"column":24}},"1":{"start":{"line":1,"column":0},"end":{"line":1,"column":null}},"2":{"start":{"line":12,"column":0},"end":{"line":12,"column":null}},"3":{"start":{"line":20,"column":0},"end":{"line":20,"column":null}},"4":{"start":{"line":26,"column":0},"end":{"line":26,"column":40}},"5":{"start":{"line":27,"column":0},"end":{"line":27,"column":45}},"6":{"start":{"line":28,"column":0},"end":{"line":28,"column":57}},"7":{"start":{"line":29,"column":0},"end":{"line":29,"column":32}},"8":{"start":{"line":30,"column":0},"end":{"line":30,"column":33}},"9":{"start":{"line":33,"column":24},"end":{"line":33,"column":54}},"10":{"start":{"line":33,"column":48},"end":{"line":33,"column":53}},"11":{"start":{"line":35,"column":35},"end":{"line":40,"column":17}},"12":{"start":{"line":36,"column":4},"end":{"line":38,"column":5}},"13":{"start":{"line":37,"column":6},"end":{"line":37,"column":49}},"14":{"start":{"line":39,"column":4},"end":{"line":39,"column":38}},"15":{"start":{"line":43,"column":19},"end":{"line":43,"column":79}},"16":{"start":{"line":43,"column":38},"end":{"line":43,"column":79}},"17":{"start":{"line":45,"column":20},"end":{"line":54,"column":12}},"18":{"start":{"line":46,"column":4},"end":{"line":53,"column":11}},"19":{"start":{"line":47,"column":35},"end":{"line":52,"column":10}},"20":{"start":{"line":56,"column":22},"end":{"line":67,"column":17}},"21":{"start":{"line":57,"column":4},"end":{"line":66,"column":6}},"22":{"start":{"line":59,"column":8},"end":{"line":62,"column":10}},"23":{"start":{"line":63,"column":8},"end":{"line":63,"column":22}},"24":{"start":{"line":69,"column":2},"end":{"line":145,"column":4}},"25":{"start":{"line":124,"column":22},"end":{"line":124,"column":null}}},"fnMap":{"0":{"name":"RadialAndBarCharts","decl":{"start":{"line":32,"column":24},"end":{"line":32,"column":42}},"loc":{"start":{"line":32,"column":42},"end":{"line":146,"column":1}}},"1":{"name":"(anonymous_2)","decl":{"start":{"line":33,"column":37},"end":{"line":33,"column":38}},"loc":{"start":{"line":33,"column":48},"end":{"line":33,"column":53}}},"2":{"name":"(anonymous_3)","decl":{"start":{"line":35,"column":42},"end":{"line":35,"column":45}},"loc":{"start":{"line":35,"column":47},"end":{"line":40,"column":3}}},"3":{"name":"(anonymous_4)","decl":{"start":{"line":43,"column":19},"end":{"line":43,"column":20}},"loc":{"start":{"line":43,"column":38},"end":{"line":43,"column":79}}},"4":{"name":"(anonymous_5)","decl":{"start":{"line":45,"column":28},"end":{"line":45,"column":31}},"loc":{"start":{"line":45,"column":33},"end":{"line":54,"column":3}}},"5":{"name":"(anonymous_6)","decl":{"start":{"line":47,"column":17},"end":{"line":47,"column":18}},"loc":{"start":{"line":47,"column":35},"end":{"line":52,"column":10}}},"6":{"name":"(anonymous_7)","decl":{"start":{"line":56,"column":30},"end":{"line":56,"column":33}},"loc":{"start":{"line":56,"column":35},"end":{"line":67,"column":3}}},"7":{"name":"(anonymous_8)","decl":{"start":{"line":58,"column":6},"end":{"line":58,"column":7}},"loc":{"start":{"line":58,"column":37},"end":{"line":64,"column":7}}},"8":{"name":"(anonymous_9)","decl":{"start":{"line":123,"column":35},"end":{"line":123,"column":36}},"loc":{"start":{"line":123,"column":45},"end":{"line":124,"column":null}}}},"branchMap":{"0":{"loc":{"start":{"line":36,"column":4},"end":{"line":38,"column":5}},"type":"if","locations":[{"start":{"line":36,"column":4},"end":{"line":38,"column":5}}]},"1":{"loc":{"start":{"line":46,"column":11},"end":{"line":53,"column":10}},"type":"cond-expr","locations":[{"start":{"line":47,"column":8},"end":{"line":52,"column":11}},{"start":{"line":53,"column":8},"end":{"line":53,"column":10}}]},"2":{"loc":{"start":{"line":71,"column":7},"end":{"line":142,"column":null}},"type":"cond-expr","locations":[{"start":{"line":72,"column":8},"end":{"line":72,"column":null}},{"start":{"line":75,"column":10},"end":{"line":142,"column":null}}]},"3":{"loc":{"start":{"line":75,"column":10},"end":{"line":142,"column":null}},"type":"cond-expr","locations":[{"start":{"line":76,"column":8},"end":{"line":76,"column":102}},{"start":{"line":78,"column":8},"end":{"line":141,"column":null}}]},"4":{"loc":{"start":{"line":124,"column":22},"end":{"line":124,"column":75}},"type":"cond-expr","locations":[{"start":{"line":124,"column":68},"end":{"line":124,"column":70}},{"start":{"line":124,"column":68},"end":{"line":124,"column":75}}]},"5":{"loc":{"start":{"line":124,"column":22},"end":{"line":124,"column":70}},"type":"binary-expr","locations":[{"start":{"line":124,"column":22},"end":{"line":124,"column":70}},{"start":{"line":124,"column":68},"end":{"line":124,"column":70}}]}},"s":{"0":0,"1":0,"2":0,"3":0,"4":0,"5":0,"6":0,"7":0,"8":0,"9":0,"10":0,"11":0,"12":0,"13":0,"14":0,"15":0,"16":0,"17":0,"18":0,"19":0,"20":0,"21":0,"22":0,"23":0,"24":0,"25":0},"f":{"0":0,"1":0,"2":0,"3":0,"4":0,"5":0,"6":0,"7":0,"8":0},"b":{"0":[0],"1":[0,0],"2":[0,0],"3":[0,0],"4":[0,0],"5":[0,0]}}
,"/Users/nikitamistri/Documents/Projects/CovidTrackingAndComparison/frontend/src/components/SearchBar.tsx": {"path":"/Users/nikitamistri/Documents/Projects/CovidTrackingAndComparison/frontend/src/components/SearchBar.tsx","statementMap":{"0":{"start":{"line":1,"column":0},"end":{"line":1,"column":61}},"1":{"start":{"line":2,"column":0},"end":{"line":2,"column":40}},"2":{"start":{"line":3,"column":0},"end":{"line":3,"column":33}},"3":{"start":{"line":4,"column":0},"end":{"line":4,"column":71}},"4":{"start":{"line":5,"column":0},"end":{"line":5,"column":37}},"5":{"start":{"line":6,"column":0},"end":{"line":6,"column":53}},"6":{"start":{"line":7,"column":0},"end":{"line":7,"column":null}},"7":{"start":{"line":15,"column":0},"end":{"line":15,"column":28}},"8":{"start":{"line":16,"column":0},"end":{"line":16,"column":45}},"9":{"start":{"line":18,"column":18},"end":{"line":81,"column":1}},"10":{"start":{"line":19,"column":49},"end":{"line":19,"column":79}},"11":{"start":{"line":19,"column":73},"end":{"line":19,"column":78}},"12":{"start":{"line":20,"column":44},"end":{"line":20,"column":59}},"13":{"start":{"line":21,"column":42},"end":{"line":21,"column":54}},"14":{"start":{"line":22,"column":35},"end":{"line":22,"column":59}},"15":{"start":{"line":24,"column":2},"end":{"line":80,"column":4}},"16":{"start":{"line":47,"column":20},"end":{"line":48,"column":null}},"17":{"start":{"line":51,"column":55},"end":{"line":60,"column":null}},"18":{"start":{"line":52,"column":24},"end":{"line":52,"column":48}},"19":{"start":{"line":53,"column":24},"end":{"line":59,"column":25}},"20":{"start":{"line":54,"column":48},"end":{"line":54,"column":76}},"21":{"start":{"line":55,"column":26},"end":{"line":55,"column":54}},"22":{"start":{"line":56,"column":26},"end":{"line":56,"column":46}},"23":{"start":{"line":57,"column":26},"end":{"line":58,"column":75}},"24":{"start":{"line":58,"column":28},"end":{"line":58,"column":75}},"25":{"start":{"line":83,"column":0},"end":{"line":83,"column":25}}},"fnMap":{"0":{"name":"(anonymous_8)","decl":{"start":{"line":18,"column":18},"end":{"line":18,"column":21}},"loc":{"start":{"line":18,"column":23},"end":{"line":81,"column":1}}},"1":{"name":"(anonymous_9)","decl":{"start":{"line":19,"column":62},"end":{"line":19,"column":63}},"loc":{"start":{"line":19,"column":73},"end":{"line":19,"column":78}}},"2":{"name":"(anonymous_10)","decl":{"start":{"line":46,"column":29},"end":{"line":46,"column":30}},"loc":{"start":{"line":47,"column":20},"end":{"line":48,"column":null}}},"3":{"name":"(anonymous_11)","decl":{"start":{"line":51,"column":32},"end":{"line":51,"column":39}},"loc":{"start":{"line":51,"column":55},"end":{"line":60,"column":null}}},"4":{"name":"(anonymous_12)","decl":{"start":{"line":51,"column":55},"end":{"line":51,"column":null}},"loc":{"start":{"line":51,"column":55},"end":{"line":60,"column":23}}}},"branchMap":{"0":{"loc":{"start":{"line":25,"column":4},"end":{"line":78,"column":null}},"type":"binary-expr","locations":[{"start":{"line":25,"column":4},"end":{"line":25,"column":12}},{"start":{"line":26,"column":4},"end":{"line":26,"column":10}},{"start":{"line":27,"column":6},"end":{"line":77,"column":null}}]},"1":{"loc":{"start":{"line":36,"column":15},"end":{"line":36,"column":58}},"type":"cond-expr","locations":[{"start":{"line":36,"column":30},"end":{"line":36,"column":42}},{"start":{"line":36,"column":45},"end":{"line":36,"column":58}}]},"2":{"loc":{"start":{"line":46,"column":19},"end":{"line":72,"column":20}},"type":"cond-expr","locations":[{"start":{"line":46,"column":23},"end":{"line":46,"column":25}},{"start":{"line":46,"column":19},"end":{"line":72,"column":20}}]},"3":{"loc":{"start":{"line":46,"column":19},"end":{"line":46,"column":25}},"type":"binary-expr","locations":[{"start":{"line":46,"column":19},"end":{"line":46,"column":25}},{"start":{"line":46,"column":19},"end":{"line":46,"column":25}}]},"4":{"loc":{"start":{"line":53,"column":24},"end":{"line":59,"column":25}},"type":"if","locations":[{"start":{"line":53,"column":24},"end":{"line":59,"column":25}}]},"5":{"loc":{"start":{"line":57,"column":26},"end":{"line":58,"column":75}},"type":"if","locations":[{"start":{"line":57,"column":26},"end":{"line":58,"column":75}}]},"6":{"loc":{"start":{"line":65,"column":26},"end":{"line":67,"column":41}},"type":"cond-expr","locations":[{"start":{"line":66,"column":30},"end":{"line":66,"column":43}},{"start":{"line":67,"column":30},"end":{"line":67,"column":41}}]}},"s":{"0":1,"1":1,"2":1,"3":1,"4":1,"5":1,"6":1,"7":1,"8":1,"9":1,"10":12,"11":36,"12":12,"13":12,"14":12,"15":12,"16":24,"17":1,"18":1,"19":1,"20":1,"21":1,"22":1,"23":1,"24":1,"25":1},"f":{"0":12,"1":36,"2":24,"3":1,"4":1},"b":{"0":[12,8,8],"1":[0,8],"2":[0,8],"3":[8,8],"4":[1],"5":[1],"6":[8,16]}}
,"/Users/nikitamistri/Documents/Projects/CovidTrackingAndComparison/frontend/src/components/WorldMap.tsx": {"path":"/Users/nikitamistri/Documents/Projects/CovidTrackingAndComparison/frontend/src/components/WorldMap.tsx","statementMap":{"0":{"start":{"line":1,"column":0},"end":{"line":1,"column":53}},"1":{"start":{"line":2,"column":0},"end":{"line":2,"column":null}},"2":{"start":{"line":8,"column":0},"end":{"line":8,"column":31}},"3":{"start":{"line":9,"column":0},"end":{"line":9,"column":37}},"4":{"start":{"line":10,"column":0},"end":{"line":10,"column":56}},"5":{"start":{"line":11,"column":0},"end":{"line":11,"column":33}},"6":{"start":{"line":12,"column":0},"end":{"line":12,"column":40}},"7":{"start":{"line":13,"column":0},"end":{"line":13,"column":46}},"8":{"start":{"line":14,"column":0},"end":{"line":14,"column":33}},"9":{"start":{"line":16,"column":15},"end":{"line":16,"column":31}},"10":{"start":{"line":18,"column":18},"end":{"line":28,"column":2}},"11":{"start":{"line":37,"column":17},"end":{"line":143,"column":1}},"12":{"start":{"line":38,"column":38},"end":{"line":38,"column":68}},"13":{"start":{"line":39,"column":40},"end":{"line":39,"column":65}},"14":{"start":{"line":41,"column":35},"end":{"line":43,"column":19}},"15":{"start":{"line":42,"column":4},"end":{"line":42,"column":49}},"16":{"start":{"line":45,"column":2},"end":{"line":75,"column":13}},"17":{"start":{"line":47,"column":4},"end":{"line":74,"column":7}},"18":{"start":{"line":49,"column":77},"end":{"line":49,"column":79}},"19":{"start":{"line":50,"column":6},"end":{"line":55,"column":9}},"20":{"start":{"line":51,"column":8},"end":{"line":54,"column":10}},"21":{"start":{"line":58,"column":6},"end":{"line":73,"column":7}},"22":{"start":{"line":59,"column":31},"end":{"line":71,"column":36}},"23":{"start":{"line":61,"column":27},"end":{"line":61,"column":51}},"24":{"start":{"line":62,"column":12},"end":{"line":69,"column":13}},"25":{"start":{"line":63,"column":14},"end":{"line":65,"column":null}},"26":{"start":{"line":68,"column":14},"end":{"line":68,"column":26}},"27":{"start":{"line":71,"column":25},"end":{"line":71,"column":35}},"28":{"start":{"line":72,"column":8},"end":{"line":72,"column":38}},"29":{"start":{"line":77,"column":19},"end":{"line":82,"column":null}},"30":{"start":{"line":79,"column":6},"end":{"line":80,"column":null}},"31":{"start":{"line":80,"column":34},"end":{"line":80,"column":75}},"32":{"start":{"line":86,"column":20},"end":{"line":88,"column":null}},"33":{"start":{"line":87,"column":10},"end":{"line":87,"column":58}},"34":{"start":{"line":91,"column":2},"end":{"line":142,"column":4}},"35":{"start":{"line":95,"column":24},"end":{"line":95,"column":30}},"36":{"start":{"line":96,"column":10},"end":{"line":106,"column":12}},"37":{"start":{"line":100,"column":29},"end":{"line":100,"column":50}},"38":{"start":{"line":117,"column":18},"end":{"line":119,"column":20}},"39":{"start":{"line":118,"column":20},"end":{"line":118,"column":48}},"40":{"start":{"line":124,"column":18},"end":{"line":124,"column":40}},"41":{"start":{"line":145,"column":0},"end":{"line":145,"column":24}}},"fnMap":{"0":{"name":"(anonymous_1)","decl":{"start":{"line":37,"column":17},"end":{"line":37,"column":20}},"loc":{"start":{"line":37,"column":22},"end":{"line":143,"column":1}}},"1":{"name":"(anonymous_2)","decl":{"start":{"line":41,"column":42},"end":{"line":41,"column":45}},"loc":{"start":{"line":41,"column":47},"end":{"line":43,"column":3}}},"2":{"name":"(anonymous_3)","decl":{"start":{"line":45,"column":12},"end":{"line":45,"column":15}},"loc":{"start":{"line":45,"column":17},"end":{"line":75,"column":3}}},"3":{"name":"(anonymous_4)","decl":{"start":{"line":47,"column":30},"end":{"line":47,"column":31}},"loc":{"start":{"line":47,"column":44},"end":{"line":74,"column":5}}},"4":{"name":"(anonymous_5)","decl":{"start":{"line":50,"column":24},"end":{"line":50,"column":25}},"loc":{"start":{"line":50,"column":30},"end":{"line":55,"column":7}}},"5":{"name":"(anonymous_6)","decl":{"start":{"line":60,"column":15},"end":{"line":60,"column":16}},"loc":{"start":{"line":60,"column":21},"end":{"line":70,"column":11}}},"6":{"name":"(anonymous_7)","decl":{"start":{"line":71,"column":18},"end":{"line":71,"column":19}},"loc":{"start":{"line":71,"column":25},"end":{"line":71,"column":35}}},"7":{"name":"(anonymous_8)","decl":{"start":{"line":78,"column":4},"end":{"line":78,"column":7}},"loc":{"start":{"line":79,"column":6},"end":{"line":80,"column":null}}},"8":{"name":"(anonymous_9)","decl":{"start":{"line":80,"column":26},"end":{"line":80,"column":27}},"loc":{"start":{"line":80,"column":34},"end":{"line":80,"column":75}}},"9":{"name":"(anonymous_10)","decl":{"start":{"line":87,"column":4},"end":{"line":87,"column":7}},"loc":{"start":{"line":87,"column":10},"end":{"line":87,"column":58}}},"10":{"name":"(anonymous_11)","decl":{"start":{"line":94,"column":23},"end":{"line":94,"column":24}},"loc":{"start":{"line":94,"column":31},"end":{"line":107,"column":9}}},"11":{"name":"(anonymous_12)","decl":{"start":{"line":100,"column":23},"end":{"line":100,"column":26}},"loc":{"start":{"line":100,"column":29},"end":{"line":100,"column":50}}},"12":{"name":"(anonymous_13)","decl":{"start":{"line":116,"column":17},"end":{"line":116,"column":18}},"loc":{"start":{"line":117,"column":18},"end":{"line":119,"column":20}}},"13":{"name":"(anonymous_14)","decl":{"start":{"line":117,"column":34},"end":{"line":117,"column":35}},"loc":{"start":{"line":118,"column":20},"end":{"line":118,"column":48}}},"14":{"name":"(anonymous_15)","decl":{"start":{"line":123,"column":31},"end":{"line":123,"column":32}},"loc":{"start":{"line":124,"column":18},"end":{"line":124,"column":40}}}},"branchMap":{"0":{"loc":{"start":{"line":58,"column":6},"end":{"line":73,"column":7}},"type":"if","locations":[{"start":{"line":58,"column":6},"end":{"line":73,"column":7}}]},"1":{"loc":{"start":{"line":58,"column":10},"end":{"line":58,"column":33}},"type":"binary-expr","locations":[{"start":{"line":58,"column":10},"end":{"line":58,"column":14}},{"start":{"line":58,"column":18},"end":{"line":58,"column":33}}]},"2":{"loc":{"start":{"line":62,"column":12},"end":{"line":69,"column":13}},"type":"if","locations":[{"start":{"line":62,"column":12},"end":{"line":69,"column":13}},{"start":{"line":67,"column":19},"end":{"line":69,"column":13}}]},"3":{"loc":{"start":{"line":80,"column":34},"end":{"line":80,"column":75}},"type":"cond-expr","locations":[{"start":{"line":80,"column":64},"end":{"line":80,"column":71}},{"start":{"line":80,"column":74},"end":{"line":80,"column":75}}]},"4":{"loc":{"start":{"line":99,"column":132},"end":{"line":99,"column":194}},"type":"cond-expr","locations":[{"start":{"line":99,"column":156},"end":{"line":99,"column":169}},{"start":{"line":99,"column":172},"end":{"line":99,"column":194}}]},"5":{"loc":{"start":{"line":110,"column":9},"end":{"line":138,"column":null}},"type":"cond-expr","locations":[{"start":{"line":111,"column":10},"end":{"line":111,"column":88}},{"start":{"line":113,"column":10},"end":{"line":137,"column":null}}]},"6":{"loc":{"start":{"line":122,"column":15},"end":{"line":135,"column":18}},"type":"binary-expr","locations":[{"start":{"line":122,"column":15},"end":{"line":122,"column":36}},{"start":{"line":123,"column":16},"end":{"line":135,"column":18}}]}},"s":{"0":0,"1":0,"2":0,"3":0,"4":0,"5":0,"6":0,"7":0,"8":0,"9":0,"10":0,"11":0,"12":0,"13":0,"14":0,"15":0,"16":0,"17":0,"18":0,"19":0,"20":0,"21":0,"22":0,"23":0,"24":0,"25":0,"26":0,"27":0,"28":0,"29":0,"30":0,"31":0,"32":0,"33":0,"34":0,"35":0,"36":0,"37":0,"38":0,"39":0,"40":0,"41":0},"f":{"0":0,"1":0,"2":0,"3":0,"4":0,"5":0,"6":0,"7":0,"8":0,"9":0,"10":0,"11":0,"12":0,"13":0,"14":0},"b":{"0":[0],"1":[0,0],"2":[0,0],"3":[0,0],"4":[0,0],"5":[0,0],"6":[0,0]}}
,"/Users/nikitamistri/Documents/Projects/CovidTrackingAndComparison/frontend/src/components/ui/badge.tsx": {"path":"/Users/nikitamistri/Documents/Projects/CovidTrackingAndComparison/frontend/src/components/ui/badge.tsx","statementMap":{"0":{"start":{"line":36,"column":9},"end":{"line":36,"column":14}},"1":{"start":{"line":2,"column":0},"end":{"line":2,"column":65}},"2":{"start":{"line":4,"column":0},"end":{"line":4,"column":32}},"3":{"start":{"line":6,"column":22},"end":{"line":23,"column":null}},"4":{"start":{"line":36,"column":16},"end":{"line":36,"column":29}},"5":{"start":{"line":30,"column":35},"end":{"line":30,"column":40}},"6":{"start":{"line":30,"column":45},"end":{"line":30,"column":59}},"7":{"start":{"line":31,"column":2},"end":{"line":33,"column":null}}},"fnMap":{"0":{"name":"Badge","decl":{"start":{"line":30,"column":9},"end":{"line":30,"column":14}},"loc":{"start":{"line":30,"column":59},"end":{"line":34,"column":1}}}},"branchMap":{},"s":{"0":0,"1":0,"2":0,"3":0,"4":0,"5":0,"6":0,"7":0},"f":{"0":0},"b":{}}
,"/Users/nikitamistri/Documents/Projects/CovidTrackingAndComparison/frontend/src/components/ui/button.tsx": {"path":"/Users/nikitamistri/Documents/Projects/CovidTrackingAndComparison/frontend/src/components/ui/button.tsx","statementMap":{"0":{"start":{"line":1,"column":0},"end":{"line":1,"column":30}},"1":{"start":{"line":2,"column":0},"end":{"line":2,"column":43}},"2":{"start":{"line":3,"column":0},"end":{"line":3,"column":65}},"3":{"start":{"line":5,"column":0},"end":{"line":5,"column":32}},"4":{"start":{"line":7,"column":23},"end":{"line":34,"column":null}},"5":{"start":{"line":57,"column":17},"end":{"line":57,"column":31}},"6":{"start":{"line":43,"column":15},"end":{"line":53,"column":null}},"7":{"start":{"line":44,"column":46},"end":{"line":44,"column":51}},"8":{"start":{"line":44,"column":56},"end":{"line":44,"column":60}},"9":{"start":{"line":45,"column":17},"end":{"line":45,"column":42}},"10":{"start":{"line":46,"column":4},"end":{"line":52,"column":null}},"11":{"start":{"line":57,"column":9},"end":{"line":57,"column":15}},"12":{"start":{"line":55,"column":0},"end":{"line":55,"column":null}}},"fnMap":{"0":{"name":"(anonymous_7)","decl":{"start":{"line":44,"column":2},"end":{"line":44,"column":3}},"loc":{"start":{"line":44,"column":67},"end":{"line":53,"column":3}}}},"branchMap":{"0":{"loc":{"start":{"line":44,"column":31},"end":{"line":44,"column":46}},"type":"default-arg","locations":[{"start":{"line":44,"column":41},"end":{"line":44,"column":46}}]},"1":{"loc":{"start":{"line":45,"column":17},"end":{"line":45,"column":42}},"type":"cond-expr","locations":[{"start":{"line":45,"column":27},"end":{"line":45,"column":31}},{"start":{"line":45,"column":34},"end":{"line":45,"column":42}}]}},"s":{"0":2,"1":2,"2":2,"3":2,"4":2,"5":2,"6":2,"7":23,"8":23,"9":23,"10":23,"11":2,"12":2},"f":{"0":23},"b":{"0":[23],"1":[0,23]}}
,"/Users/nikitamistri/Documents/Projects/CovidTrackingAndComparison/frontend/src/components/ui/calendar.tsx": {"path":"/Users/nikitamistri/Documents/Projects/CovidTrackingAndComparison/frontend/src/components/ui/calendar.tsx","statementMap":{"0":{"start":{"line":70,"column":9},"end":{"line":70,"column":17}},"1":{"start":{"line":2,"column":0},"end":{"line":2,"column":56}},"2":{"start":{"line":3,"column":0},"end":{"line":3,"column":44}},"3":{"start":{"line":5,"column":0},"end":{"line":5,"column":32}},"4":{"start":{"line":6,"column":0},"end":{"line":6,"column":55}},"5":{"start":{"line":13,"column":24},"end":{"line":13,"column":null}},"6":{"start":{"line":14,"column":10},"end":{"line":15,"column":16}},"7":{"start":{"line":16,"column":2},"end":{"line":66,"column":null}},"8":{"start":{"line":61,"column":29},"end":{"line":61,"column":33}},"9":{"start":{"line":61,"column":36},"end":{"line":61,"column":null}},"10":{"start":{"line":62,"column":30},"end":{"line":62,"column":34}},"11":{"start":{"line":62,"column":37},"end":{"line":62,"column":null}},"12":{"start":{"line":68,"column":0},"end":{"line":68,"column":null}}},"fnMap":{"0":{"name":"Calendar","decl":{"start":{"line":10,"column":9},"end":{"line":10,"column":17}},"loc":{"start":{"line":15,"column":16},"end":{"line":67,"column":1}}},"1":{"name":"(anonymous_2)","decl":{"start":{"line":61,"column":18},"end":{"line":61,"column":19}},"loc":{"start":{"line":61,"column":35},"end":{"line":61,"column":null}}},"2":{"name":"(anonymous_3)","decl":{"start":{"line":62,"column":19},"end":{"line":62,"column":20}},"loc":{"start":{"line":62,"column":36},"end":{"line":62,"column":null}}}},"branchMap":{"0":{"loc":{"start":{"line":13,"column":2},"end":{"line":13,"column":24}},"type":"default-arg","locations":[{"start":{"line":13,"column":20},"end":{"line":13,"column":24}}]},"1":{"loc":{"start":{"line":39,"column":10},"end":{"line":41,"column":51}},"type":"cond-expr","locations":[{"start":{"line":40,"column":14},"end":{"line":40,"column":180}},{"start":{"line":41,"column":14},"end":{"line":41,"column":51}}]}},"s":{"0":1,"1":1,"2":1,"3":1,"4":1,"5":3,"6":3,"7":3,"8":6,"9":6,"10":6,"11":6,"12":1},"f":{"0":3,"1":6,"2":6},"b":{"0":[3],"1":[3,0]}}
,"/Users/nikitamistri/Documents/Projects/CovidTrackingAndComparison/frontend/src/components/ui/card.tsx": {"path":"/Users/nikitamistri/Documents/Projects/CovidTrackingAndComparison/frontend/src/components/ui/card.tsx","statementMap":{"0":{"start":{"line":1,"column":0},"end":{"line":1,"column":30}},"1":{"start":{"line":3,"column":0},"end":{"line":3,"column":32}},"2":{"start":{"line":5,"column":13},"end":{"line":17,"column":2}},"3":{"start":{"line":8,"column":14},"end":{"line":8,"column":19}},"4":{"start":{"line":8,"column":24},"end":{"line":8,"column":28}},"5":{"start":{"line":8,"column":36},"end":{"line":17,"column":2}},"6":{"start":{"line":76,"column":9},"end":{"line":76,"column":13}},"7":{"start":{"line":18,"column":0},"end":{"line":18,"column":null}},"8":{"start":{"line":20,"column":19},"end":{"line":29,"column":2}},"9":{"start":{"line":23,"column":14},"end":{"line":23,"column":19}},"10":{"start":{"line":23,"column":24},"end":{"line":23,"column":28}},"11":{"start":{"line":23,"column":36},"end":{"line":29,"column":2}},"12":{"start":{"line":76,"column":15},"end":{"line":76,"column":25}},"13":{"start":{"line":30,"column":0},"end":{"line":30,"column":null}},"14":{"start":{"line":32,"column":18},"end":{"line":41,"column":2}},"15":{"start":{"line":35,"column":14},"end":{"line":35,"column":19}},"16":{"start":{"line":35,"column":24},"end":{"line":35,"column":28}},"17":{"start":{"line":35,"column":36},"end":{"line":41,"column":2}},"18":{"start":{"line":76,"column":39},"end":{"line":76,"column":48}},"19":{"start":{"line":42,"column":0},"end":{"line":42,"column":null}},"20":{"start":{"line":44,"column":24},"end":{"line":53,"column":2}},"21":{"start":{"line":47,"column":14},"end":{"line":47,"column":19}},"22":{"start":{"line":47,"column":24},"end":{"line":47,"column":28}},"23":{"start":{"line":47,"column":36},"end":{"line":53,"column":2}},"24":{"start":{"line":76,"column":50},"end":{"line":76,"column":65}},"25":{"start":{"line":54,"column":0},"end":{"line":54,"column":null}},"26":{"start":{"line":56,"column":20},"end":{"line":61,"column":2}},"27":{"start":{"line":59,"column":14},"end":{"line":59,"column":19}},"28":{"start":{"line":59,"column":24},"end":{"line":59,"column":28}},"29":{"start":{"line":59,"column":36},"end":{"line":61,"column":2}},"30":{"start":{"line":76,"column":67},"end":{"line":76,"column":78}},"31":{"start":{"line":62,"column":0},"end":{"line":62,"column":null}},"32":{"start":{"line":64,"column":19},"end":{"line":73,"column":2}},"33":{"start":{"line":67,"column":14},"end":{"line":67,"column":19}},"34":{"start":{"line":67,"column":24},"end":{"line":67,"column":28}},"35":{"start":{"line":67,"column":36},"end":{"line":73,"column":2}},"36":{"start":{"line":76,"column":27},"end":{"line":76,"column":37}},"37":{"start":{"line":74,"column":0},"end":{"line":74,"column":null}}},"fnMap":{"0":{"name":"(anonymous_7)","decl":{"start":{"line":8,"column":2},"end":{"line":8,"column":3}},"loc":{"start":{"line":8,"column":35},"end":{"line":17,"column":2}}},"1":{"name":"(anonymous_8)","decl":{"start":{"line":23,"column":2},"end":{"line":23,"column":3}},"loc":{"start":{"line":23,"column":35},"end":{"line":29,"column":2}}},"2":{"name":"(anonymous_9)","decl":{"start":{"line":35,"column":2},"end":{"line":35,"column":3}},"loc":{"start":{"line":35,"column":35},"end":{"line":41,"column":2}}},"3":{"name":"(anonymous_10)","decl":{"start":{"line":47,"column":2},"end":{"line":47,"column":3}},"loc":{"start":{"line":47,"column":35},"end":{"line":53,"column":2}}},"4":{"name":"(anonymous_11)","decl":{"start":{"line":59,"column":2},"end":{"line":59,"column":3}},"loc":{"start":{"line":59,"column":35},"end":{"line":61,"column":2}}},"5":{"name":"(anonymous_12)","decl":{"start":{"line":67,"column":2},"end":{"line":67,"column":3}},"loc":{"start":{"line":67,"column":35},"end":{"line":73,"column":2}}}},"branchMap":{},"s":{"0":1,"1":1,"2":1,"3":4,"4":4,"5":4,"6":1,"7":1,"8":1,"9":0,"10":0,"11":0,"12":1,"13":1,"14":1,"15":0,"16":0,"17":0,"18":1,"19":1,"20":1,"21":0,"22":0,"23":0,"24":1,"25":1,"26":1,"27":0,"28":0,"29":0,"30":1,"31":1,"32":1,"33":0,"34":0,"35":0,"36":1,"37":1},"f":{"0":4,"1":0,"2":0,"3":0,"4":0,"5":0},"b":{}}
,"/Users/nikitamistri/Documents/Projects/CovidTrackingAndComparison/frontend/src/components/ui/chart.tsx": {"path":"/Users/nikitamistri/Documents/Projects/CovidTrackingAndComparison/frontend/src/components/ui/chart.tsx","statementMap":{"0":{"start":{"line":1,"column":0},"end":{"line":1,"column":30}},"1":{"start":{"line":2,"column":0},"end":{"line":2,"column":45}},"2":{"start":{"line":9,"column":0},"end":{"line":9,"column":32}},"3":{"start":{"line":12,"column":15},"end":{"line":12,"column":52}},"4":{"start":{"line":28,"column":21},"end":{"line":28,"column":72}},"5":{"start":{"line":31,"column":18},"end":{"line":31,"column":48}},"6":{"start":{"line":33,"column":2},"end":{"line":35,"column":3}},"7":{"start":{"line":34,"column":4},"end":{"line":34,"column":null}},"8":{"start":{"line":37,"column":2},"end":{"line":37,"column":null}},"9":{"start":{"line":40,"column":23},"end":{"line":70,"column":2}},"10":{"start":{"line":48,"column":36},"end":{"line":48,"column":41}},"11":{"start":{"line":48,"column":46},"end":{"line":48,"column":50}},"12":{"start":{"line":49,"column":19},"end":{"line":49,"column":32}},"13":{"start":{"line":50,"column":18},"end":{"line":50,"column":61}},"14":{"start":{"line":52,"column":2},"end":{"line":69,"column":null}},"15":{"start":{"line":362,"column":2},"end":{"line":362,"column":16}},"16":{"start":{"line":71,"column":0},"end":{"line":71,"column":null}},"17":{"start":{"line":73,"column":19},"end":{"line":104,"column":1}},"18":{"start":{"line":74,"column":22},"end":{"line":75,"column":null}},"19":{"start":{"line":75,"column":21},"end":{"line":75,"column":49}},"20":{"start":{"line":78,"column":2},"end":{"line":80,"column":3}},"21":{"start":{"line":79,"column":4},"end":{"line":79,"column":null}},"22":{"start":{"line":82,"column":2},"end":{"line":103,"column":null}},"23":{"start":{"line":87,"column":33},"end":{"line":98,"column":null}},"24":{"start":{"line":92,"column":6},"end":{"line":93,"column":22}},"25":{"start":{"line":94,"column":4},"end":{"line":94,"column":null}},"26":{"start":{"line":367,"column":2},"end":{"line":367,"column":12}},"27":{"start":{"line":106,"column":21},"end":{"line":106,"column":46}},"28":{"start":{"line":363,"column":2},"end":{"line":363,"column":14}},"29":{"start":{"line":108,"column":28},"end":{"line":258,"column":null}},"30":{"start":{"line":137,"column":23},"end":{"line":137,"column":33}},"31":{"start":{"line":139,"column":25},"end":{"line":173,"column":6}},"32":{"start":{"line":140,"column":6},"end":{"line":142,"column":7}},"33":{"start":{"line":141,"column":8},"end":{"line":141,"column":null}},"34":{"start":{"line":144,"column":21},"end":{"line":144,"column":28}},"35":{"start":{"line":145,"column":18},"end":{"line":145,"column":71}},"36":{"start":{"line":146,"column":25},"end":{"line":146,"column":71}},"37":{"start":{"line":148,"column":8},"end":{"line":150,"column":29}},"38":{"start":{"line":152,"column":6},"end":{"line":158,"column":7}},"39":{"start":{"line":153,"column":8},"end":{"line":157,"column":null}},"40":{"start":{"line":160,"column":6},"end":{"line":162,"column":7}},"41":{"start":{"line":161,"column":8},"end":{"line":161,"column":null}},"42":{"start":{"line":164,"column":6},"end":{"line":164,"column":null}},"43":{"start":{"line":175,"column":4},"end":{"line":177,"column":5}},"44":{"start":{"line":176,"column":6},"end":{"line":176,"column":null}},"45":{"start":{"line":179,"column":22},"end":{"line":179,"column":65}},"46":{"start":{"line":181,"column":4},"end":{"line":257,"column":null}},"47":{"start":{"line":192,"column":24},"end":{"line":192,"column":76}},"48":{"start":{"line":193,"column":31},"end":{"line":193,"column":77}},"49":{"start":{"line":194,"column":35},"end":{"line":194,"column":75}},"50":{"start":{"line":196,"column":12},"end":{"line":253,"column":null}},"51":{"start":{"line":364,"column":2},"end":{"line":364,"column":21}},"52":{"start":{"line":260,"column":0},"end":{"line":260,"column":null}},"53":{"start":{"line":262,"column":20},"end":{"line":262,"column":44}},"54":{"start":{"line":365,"column":2},"end":{"line":365,"column":13}},"55":{"start":{"line":264,"column":27},"end":{"line":318,"column":null}},"56":{"start":{"line":276,"column":23},"end":{"line":276,"column":33}},"57":{"start":{"line":278,"column":4},"end":{"line":280,"column":5}},"58":{"start":{"line":279,"column":6},"end":{"line":279,"column":null}},"59":{"start":{"line":282,"column":4},"end":{"line":317,"column":null}},"60":{"start":{"line":292,"column":22},"end":{"line":292,"column":61}},"61":{"start":{"line":293,"column":29},"end":{"line":293,"column":75}},"62":{"start":{"line":295,"column":10},"end":{"line":314,"column":null}},"63":{"start":{"line":366,"column":2},"end":{"line":366,"column":20}},"64":{"start":{"line":320,"column":0},"end":{"line":320,"column":null}},"65":{"start":{"line":328,"column":2},"end":{"line":330,"column":3}},"66":{"start":{"line":329,"column":4},"end":{"line":329,"column":null}},"67":{"start":{"line":333,"column":4},"end":{"line":337,"column":17}},"68":{"start":{"line":339,"column":31},"end":{"line":339,"column":34}},"69":{"start":{"line":341,"column":2},"end":{"line":354,"column":3}},"70":{"start":{"line":345,"column":4},"end":{"line":345,"column":null}},"71":{"start":{"line":346,"column":9},"end":{"line":354,"column":3}},"72":{"start":{"line":351,"column":4},"end":{"line":353,"column":null}},"73":{"start":{"line":356,"column":2},"end":{"line":358,"column":null}}},"fnMap":{"0":{"name":"useChart","decl":{"start":{"line":30,"column":9},"end":{"line":30,"column":17}},"loc":{"start":{"line":30,"column":17},"end":{"line":38,"column":1}}},"1":{"name":"(anonymous_8)","decl":{"start":{"line":48,"column":2},"end":{"line":48,"column":3}},"loc":{"start":{"line":48,"column":57},"end":{"line":70,"column":1}}},"2":{"name":"(anonymous_9)","decl":{"start":{"line":73,"column":19},"end":{"line":73,"column":20}},"loc":{"start":{"line":73,"column":75},"end":{"line":104,"column":1}}},"3":{"name":"(anonymous_10)","decl":{"start":{"line":75,"column":4},"end":{"line":75,"column":5}},"loc":{"start":{"line":75,"column":21},"end":{"line":75,"column":49}}},"4":{"name":"(anonymous_11)","decl":{"start":{"line":87,"column":12},"end":{"line":87,"column":13}},"loc":{"start":{"line":87,"column":33},"end":{"line":98,"column":null}}},"5":{"name":"(anonymous_12)","decl":{"start":{"line":90,"column":7},"end":{"line":90,"column":8}},"loc":{"start":{"line":90,"column":29},"end":{"line":95,"column":3}}},"6":{"name":"(anonymous_13)","decl":{"start":{"line":119,"column":2},"end":{"line":119,"column":null}},"loc":{"start":{"line":136,"column":6},"end":{"line":258,"column":3}}},"7":{"name":"(anonymous_14)","decl":{"start":{"line":139,"column":39},"end":{"line":139,"column":42}},"loc":{"start":{"line":139,"column":44},"end":{"line":165,"column":5}}},"8":{"name":"(anonymous_15)","decl":{"start":{"line":191,"column":23},"end":{"line":191,"column":24}},"loc":{"start":{"line":191,"column":39},"end":{"line":254,"column":11}}},"9":{"name":"(anonymous_16)","decl":{"start":{"line":272,"column":2},"end":{"line":272,"column":null}},"loc":{"start":{"line":275,"column":6},"end":{"line":318,"column":3}}},"10":{"name":"(anonymous_17)","decl":{"start":{"line":291,"column":21},"end":{"line":291,"column":22}},"loc":{"start":{"line":291,"column":30},"end":{"line":315,"column":9}}},"11":{"name":"getPayloadConfigFromPayload","decl":{"start":{"line":323,"column":9},"end":{"line":323,"column":36}},"loc":{"start":{"line":326,"column":13},"end":{"line":359,"column":1}}}},"branchMap":{"0":{"loc":{"start":{"line":33,"column":2},"end":{"line":35,"column":3}},"type":"if","locations":[{"start":{"line":33,"column":2},"end":{"line":35,"column":3}}]},"1":{"loc":{"start":{"line":50,"column":27},"end":{"line":50,"column":59}},"type":"binary-expr","locations":[{"start":{"line":50,"column":27},"end":{"line":50,"column":29}},{"start":{"line":50,"column":33},"end":{"line":50,"column":59}}]},"2":{"loc":{"start":{"line":75,"column":21},"end":{"line":75,"column":49}},"type":"binary-expr","locations":[{"start":{"line":75,"column":21},"end":{"line":75,"column":33}},{"start":{"line":75,"column":37},"end":{"line":75,"column":49}}]},"3":{"loc":{"start":{"line":78,"column":2},"end":{"line":80,"column":3}},"type":"if","locations":[{"start":{"line":78,"column":2},"end":{"line":80,"column":3}}]},"4":{"loc":{"start":{"line":92,"column":6},"end":{"line":93,"column":22}},"type":"binary-expr","locations":[{"start":{"line":92,"column":6},"end":{"line":92,"column":64}},{"start":{"line":93,"column":6},"end":{"line":93,"column":22}}]},"5":{"loc":{"start":{"line":92,"column":6},"end":{"line":92,"column":64}},"type":"cond-expr","locations":[{"start":{"line":92,"column":22},"end":{"line":92,"column":25}},{"start":{"line":92,"column":22},"end":{"line":92,"column":64}}]},"6":{"loc":{"start":{"line":92,"column":6},"end":{"line":92,"column":25}},"type":"binary-expr","locations":[{"start":{"line":92,"column":6},"end":{"line":92,"column":25}},{"start":{"line":92,"column":22},"end":{"line":92,"column":25}}]},"7":{"loc":{"start":{"line":94,"column":11},"end":{"line":94,"column":55}},"type":"cond-expr","locations":[{"start":{"line":94,"column":19},"end":{"line":94,"column":48}},{"start":{"line":94,"column":51},"end":{"line":94,"column":55}}]},"8":{"loc":{"start":{"line":124,"column":6},"end":{"line":124,"column":23}},"type":"default-arg","locations":[{"start":{"line":124,"column":18},"end":{"line":124,"column":23}}]},"9":{"loc":{"start":{"line":125,"column":6},"end":{"line":125,"column":23}},"type":"default-arg","locations":[{"start":{"line":125,"column":18},"end":{"line":125,"column":23}}]},"10":{"loc":{"start":{"line":126,"column":6},"end":{"line":126,"column":27}},"type":"default-arg","locations":[{"start":{"line":126,"column":22},"end":{"line":126,"column":27}}]},"11":{"loc":{"start":{"line":140,"column":6},"end":{"line":142,"column":7}},"type":"if","locations":[{"start":{"line":140,"column":6},"end":{"line":142,"column":7}}]},"12":{"loc":{"start":{"line":140,"column":10},"end":{"line":140,"column":41}},"type":"binary-expr","locations":[{"start":{"line":140,"column":10},"end":{"line":140,"column":19}},{"start":{"line":140,"column":23},"end":{"line":140,"column":41}}]},"13":{"loc":{"start":{"line":140,"column":24},"end":{"line":140,"column":39}},"type":"cond-expr","locations":[{"start":{"line":140,"column":31},"end":{"line":140,"column":33}},{"start":{"line":140,"column":24},"end":{"line":140,"column":39}}]},"14":{"loc":{"start":{"line":140,"column":24},"end":{"line":140,"column":33}},"type":"binary-expr","locations":[{"start":{"line":140,"column":24},"end":{"line":140,"column":33}},{"start":{"line":140,"column":24},"end":{"line":140,"column":33}}]},"15":{"loc":{"start":{"line":145,"column":21},"end":{"line":145,"column":69}},"type":"binary-expr","locations":[{"start":{"line":145,"column":21},"end":{"line":145,"column":29}},{"start":{"line":145,"column":33},"end":{"line":145,"column":45}},{"start":{"line":145,"column":49},"end":{"line":145,"column":58}},{"start":{"line":145,"column":62},"end":{"line":145,"column":69}}]},"16":{"loc":{"start":{"line":148,"column":8},"end":{"line":150,"column":29}},"type":"cond-expr","locations":[{"start":{"line":149,"column":12},"end":{"line":149,"column":64}},{"start":{"line":150,"column":12},"end":{"line":150,"column":29}}]},"17":{"loc":{"start":{"line":148,"column":8},"end":{"line":148,"column":46}},"type":"binary-expr","locations":[{"start":{"line":148,"column":8},"end":{"line":148,"column":17}},{"start":{"line":148,"column":21},"end":{"line":148,"column":46}}]},"18":{"loc":{"start":{"line":149,"column":12},"end":{"line":149,"column":64}},"type":"binary-expr","locations":[{"start":{"line":149,"column":12},"end":{"line":149,"column":55}},{"start":{"line":149,"column":59},"end":{"line":149,"column":64}}]},"19":{"loc":{"start":{"line":149,"column":12},"end":{"line":149,"column":55}},"type":"cond-expr","locations":[{"start":{"line":149,"column":48},"end":{"line":149,"column":50}},{"start":{"line":149,"column":48},"end":{"line":149,"column":55}}]},"20":{"loc":{"start":{"line":149,"column":12},"end":{"line":149,"column":50}},"type":"binary-expr","locations":[{"start":{"line":149,"column":12},"end":{"line":149,"column":50}},{"start":{"line":149,"column":48},"end":{"line":149,"column":50}}]},"21":{"loc":{"start":{"line":150,"column":12},"end":{"line":150,"column":29}},"type":"cond-expr","locations":[{"start":{"line":150,"column":22},"end":{"line":150,"column":24}},{"start":{"line":150,"column":12},"end":{"line":150,"column":29}}]},"22":{"loc":{"start":{"line":150,"column":12},"end":{"line":150,"column":24}},"type":"binary-expr","locations":[{"start":{"line":150,"column":12},"end":{"line":150,"column":24}},{"start":{"line":150,"column":12},"end":{"line":150,"column":24}}]},"23":{"loc":{"start":{"line":152,"column":6},"end":{"line":158,"column":7}},"type":"if","locations":[{"start":{"line":152,"column":6},"end":{"line":158,"column":7}}]},"24":{"loc":{"start":{"line":160,"column":6},"end":{"line":162,"column":7}},"type":"if","locations":[{"start":{"line":160,"column":6},"end":{"line":162,"column":7}}]},"25":{"loc":{"start":{"line":175,"column":4},"end":{"line":177,"column":5}},"type":"if","locations":[{"start":{"line":175,"column":4},"end":{"line":177,"column":5}}]},"26":{"loc":{"start":{"line":175,"column":8},"end":{"line":175,"column":37}},"type":"binary-expr","locations":[{"start":{"line":175,"column":8},"end":{"line":175,"column":15}},{"start":{"line":175,"column":19},"end":{"line":175,"column":37}}]},"27":{"loc":{"start":{"line":175,"column":20},"end":{"line":175,"column":35}},"type":"cond-expr","locations":[{"start":{"line":175,"column":27},"end":{"line":175,"column":29}},{"start":{"line":175,"column":20},"end":{"line":175,"column":35}}]},"28":{"loc":{"start":{"line":175,"column":20},"end":{"line":175,"column":29}},"type":"binary-expr","locations":[{"start":{"line":175,"column":20},"end":{"line":175,"column":29}},{"start":{"line":175,"column":20},"end":{"line":175,"column":29}}]},"29":{"loc":{"start":{"line":179,"column":22},"end":{"line":179,"column":65}},"type":"binary-expr","locations":[{"start":{"line":179,"column":22},"end":{"line":179,"column":42}},{"sta
[...]
cts/CovidTrackingAndComparison/frontend/src/components/ui/command.tsx","statementMap":{"0":{"start":{"line":1,"column":0},"end":{"line":1,"column":30}},"1":{"start":{"line":3,"column":0},"end":{"line":3,"column":50}},"2":{"start":{"line":4,"column":0},"end":{"line":4,"column":37}},"3":{"start":{"line":6,"column":0},"end":{"line":6,"column":32}},"4":{"start":{"line":7,"column":0},"end":{"line":7,"column":62}},"5":{"start":{"line":9,"column":16},"end":{"line":21,"column":2}},"6":{"start":{"line":12,"column":14},"end":{"line":12,"column":19}},"7":{"start":{"line":12,"column":24},"end":{"line":12,"column":28}},"8":{"start":{"line":12,"column":36},"end":{"line":21,"column":2}},"9":{"start":{"line":142,"column":2},"end":{"line":142,"column":9}},"10":{"start":{"line":22,"column":0},"end":{"line":22,"column":null}},"11":{"start":{"line":24,"column":22},"end":{"line":34,"column":1}},"12":{"start":{"line":24,"column":33},"end":{"line":24,"column":38}},"13":{"start":{"line":24,"column":43},"end":{"line":24,"column":58}},"14":{"start":{"line":25,"column":2},"end":{"line":33,"column":null}},"15":{"start":{"line":143,"column":2},"end":{"line":143,"column":15}},"16":{"start":{"line":36,"column":21},"end":{"line":51,"column":2}},"17":{"start":{"line":39,"column":14},"end":{"line":39,"column":19}},"18":{"start":{"line":39,"column":24},"end":{"line":39,"column":28}},"19":{"start":{"line":39,"column":36},"end":{"line":51,"column":2}},"20":{"start":{"line":144,"column":2},"end":{"line":144,"column":14}},"21":{"start":{"line":53,"column":0},"end":{"line":53,"column":null}},"22":{"start":{"line":55,"column":20},"end":{"line":64,"column":2}},"23":{"start":{"line":58,"column":14},"end":{"line":58,"column":19}},"24":{"start":{"line":58,"column":24},"end":{"line":58,"column":28}},"25":{"start":{"line":58,"column":36},"end":{"line":64,"column":2}},"26":{"start":{"line":145,"column":2},"end":{"line":145,"column":13}},"27":{"start":{"line":66,"column":0},"end":{"line":66,"column":null}},"28":{"start":{"line":68,"column":21},"end":{"line":77,"column":2}},"29":{"start":{"line":72,"column":2},"end":{"line":75,"column":null}},"30":{"start":{"line":146,"column":2},"end":{"line":146,"column":14}},"31":{"start":{"line":79,"column":0},"end":{"line":79,"column":null}},"32":{"start":{"line":81,"column":21},"end":{"line":93,"column":2}},"33":{"start":{"line":84,"column":14},"end":{"line":84,"column":19}},"34":{"start":{"line":84,"column":24},"end":{"line":84,"column":28}},"35":{"start":{"line":84,"column":36},"end":{"line":93,"column":2}},"36":{"start":{"line":147,"column":2},"end":{"line":147,"column":14}},"37":{"start":{"line":95,"column":0},"end":{"line":95,"column":null}},"38":{"start":{"line":97,"column":25},"end":{"line":106,"column":2}},"39":{"start":{"line":100,"column":14},"end":{"line":100,"column":19}},"40":{"start":{"line":100,"column":24},"end":{"line":100,"column":28}},"41":{"start":{"line":100,"column":36},"end":{"line":106,"column":2}},"42":{"start":{"line":150,"column":2},"end":{"line":150,"column":18}},"43":{"start":{"line":107,"column":0},"end":{"line":107,"column":null}},"44":{"start":{"line":109,"column":20},"end":{"line":121,"column":2}},"45":{"start":{"line":112,"column":14},"end":{"line":112,"column":19}},"46":{"start":{"line":112,"column":24},"end":{"line":112,"column":28}},"47":{"start":{"line":112,"column":36},"end":{"line":121,"column":2}},"48":{"start":{"line":148,"column":2},"end":{"line":148,"column":13}},"49":{"start":{"line":123,"column":0},"end":{"line":123,"column":null}},"50":{"start":{"line":125,"column":24},"end":{"line":138,"column":1}},"51":{"start":{"line":126,"column":11},"end":{"line":126,"column":null}},"52":{"start":{"line":127,"column":10},"end":{"line":128,"column":40}},"53":{"start":{"line":129,"column":2},"end":{"line":137,"column":null}},"54":{"start":{"line":149,"column":2},"end":{"line":149,"column":17}},"55":{"start":{"line":139,"column":0},"end":{"line":139,"column":null}}},"fnMap":{"0":{"name":"(anonymous_7)","decl":{"start":{"line":12,"column":2},"end":{"line":12,"column":3}},"loc":{"start":{"line":12,"column":35},"end":{"line":21,"column":2}}},"1":{"name":"(anonymous_8)","decl":{"start":{"line":24,"column":22},"end":{"line":24,"column":23}},"loc":{"start":{"line":24,"column":62},"end":{"line":34,"column":1}}},"2":{"name":"(anonymous_9)","decl":{"start":{"line":39,"column":2},"end":{"line":39,"column":3}},"loc":{"start":{"line":39,"column":35},"end":{"line":51,"column":2}}},"3":{"name":"(anonymous_10)","decl":{"start":{"line":58,"column":2},"end":{"line":58,"column":3}},"loc":{"start":{"line":58,"column":35},"end":{"line":64,"column":2}}},"4":{"name":"(anonymous_11)","decl":{"start":{"line":71,"column":2},"end":{"line":71,"column":3}},"loc":{"start":{"line":72,"column":2},"end":{"line":75,"column":null}}},"5":{"name":"(anonymous_12)","decl":{"start":{"line":84,"column":2},"end":{"line":84,"column":3}},"loc":{"start":{"line":84,"column":35},"end":{"line":93,"column":2}}},"6":{"name":"(anonymous_13)","decl":{"start":{"line":100,"column":2},"end":{"line":100,"column":3}},"loc":{"start":{"line":100,"column":35},"end":{"line":106,"column":2}}},"7":{"name":"(anonymous_14)","decl":{"start":{"line":112,"column":2},"end":{"line":112,"column":3}},"loc":{"start":{"line":112,"column":35},"end":{"line":121,"column":2}}},"8":{"name":"(anonymous_15)","decl":{"start":{"line":125,"column":24},"end":{"line":125,"column":25}},"loc":{"start":{"line":128,"column":44},"end":{"line":138,"column":1}}}},"branchMap":{},"s":{"0":1,"1":1,"2":1,"3":1,"4":1,"5":1,"6":4,"7":4,"8":4,"9":1,"10":1,"11":1,"12":0,"13":0,"14":0,"15":1,"16":1,"17":4,"18":4,"19":4,"20":1,"21":1,"22":1,"23":4,"24":4,"25":4,"26":1,"27":1,"28":1,"29":4,"30":1,"31":1,"32":1,"33":4,"34":4,"35":4,"36":1,"37":1,"38":1,"39":0,"40":0,"41":0,"42":1,"43":1,"44":1,"45":12,"46":12,"47":12,"48":1,"49":1,"50":1,"51":0,"52":0,"53":0,"54":1,"55":1},"f":{"0":4,"1":0,"2":4,"3":4,"4":4,"5":4,"6":0,"7":12,"8":0},"b":{}}
,"/Users/nikitamistri/Documents/Projects/CovidTrackingAndComparison/frontend/src/components/ui/dialog.tsx": {"path":"/Users/nikitamistri/Documents/Projects/CovidTrackingAndComparison/frontend/src/components/ui/dialog.tsx","statementMap":{"0":{"start":{"line":1,"column":0},"end":{"line":1,"column":30}},"1":{"start":{"line":2,"column":0},"end":{"line":2,"column":57}},"2":{"start":{"line":3,"column":0},"end":{"line":3,"column":32}},"3":{"start":{"line":5,"column":0},"end":{"line":5,"column":32}},"4":{"start":{"line":7,"column":15},"end":{"line":7,"column":35}},"5":{"start":{"line":110,"column":2},"end":{"line":110,"column":8}},"6":{"start":{"line":9,"column":22},"end":{"line":9,"column":45}},"7":{"start":{"line":113,"column":2},"end":{"line":113,"column":15}},"8":{"start":{"line":11,"column":21},"end":{"line":11,"column":43}},"9":{"start":{"line":111,"column":2},"end":{"line":111,"column":14}},"10":{"start":{"line":13,"column":20},"end":{"line":13,"column":41}},"11":{"start":{"line":114,"column":2},"end":{"line":114,"column":13}},"12":{"start":{"line":15,"column":22},"end":{"line":27,"column":2}},"13":{"start":{"line":18,"column":14},"end":{"line":18,"column":19}},"14":{"start":{"line":18,"column":24},"end":{"line":18,"column":28}},"15":{"start":{"line":18,"column":36},"end":{"line":27,"column":2}},"16":{"start":{"line":112,"column":2},"end":{"line":112,"column":15}},"17":{"start":{"line":28,"column":0},"end":{"line":28,"column":null}},"18":{"start":{"line":30,"column":22},"end":{"line":51,"column":2}},"19":{"start":{"line":33,"column":24},"end":{"line":33,"column":29}},"20":{"start":{"line":33,"column":34},"end":{"line":33,"column":38}},"21":{"start":{"line":33,"column":46},"end":{"line":51,"column":2}},"22":{"start":{"line":115,"column":2},"end":{"line":115,"column":15}},"23":{"start":{"line":52,"column":0},"end":{"line":52,"column":null}},"24":{"start":{"line":54,"column":21},"end":{"line":65,"column":null}},"25":{"start":{"line":55,"column":11},"end":{"line":55,"column":null}},"26":{"start":{"line":56,"column":10},"end":{"line":57,"column":39}},"27":{"start":{"line":57,"column":44},"end":{"line":65,"column":null}},"28":{"start":{"line":116,"column":2},"end":{"line":116,"column":14}},"29":{"start":{"line":66,"column":0},"end":{"line":66,"column":null}},"30":{"start":{"line":68,"column":21},"end":{"line":79,"column":null}},"31":{"start":{"line":69,"column":11},"end":{"line":69,"column":null}},"32":{"start":{"line":70,"column":10},"end":{"line":71,"column":39}},"33":{"start":{"line":71,"column":44},"end":{"line":79,"column":null}},"34":{"start":{"line":117,"column":2},"end":{"line":117,"column":14}},"35":{"start":{"line":80,"column":0},"end":{"line":80,"column":null}},"36":{"start":{"line":82,"column":20},"end":{"line":94,"column":2}},"37":{"start":{"line":85,"column":14},"end":{"line":85,"column":19}},"38":{"start":{"line":85,"column":24},"end":{"line":85,"column":28}},"39":{"start":{"line":85,"column":36},"end":{"line":94,"column":2}},"40":{"start":{"line":118,"column":2},"end":{"line":118,"column":13}},"41":{"start":{"line":95,"column":0},"end":{"line":95,"column":null}},"42":{"start":{"line":97,"column":26},"end":{"line":106,"column":2}},"43":{"start":{"line":100,"column":14},"end":{"line":100,"column":19}},"44":{"start":{"line":100,"column":24},"end":{"line":100,"column":28}},"45":{"start":{"line":100,"column":36},"end":{"line":106,"column":2}},"46":{"start":{"line":119,"column":2},"end":{"line":119,"column":19}},"47":{"start":{"line":107,"column":0},"end":{"line":107,"column":null}}},"fnMap":{"0":{"name":"(anonymous_7)","decl":{"start":{"line":18,"column":2},"end":{"line":18,"column":3}},"loc":{"start":{"line":18,"column":35},"end":{"line":27,"column":2}}},"1":{"name":"(anonymous_8)","decl":{"start":{"line":33,"column":2},"end":{"line":33,"column":3}},"loc":{"start":{"line":33,"column":45},"end":{"line":51,"column":2}}},"2":{"name":"(anonymous_9)","decl":{"start":{"line":54,"column":21},"end":{"line":54,"column":22}},"loc":{"start":{"line":57,"column":43},"end":{"line":65,"column":null}}},"3":{"name":"(anonymous_10)","decl":{"start":{"line":68,"column":21},"end":{"line":68,"column":22}},"loc":{"start":{"line":71,"column":43},"end":{"line":79,"column":null}}},"4":{"name":"(anonymous_11)","decl":{"start":{"line":85,"column":2},"end":{"line":85,"column":3}},"loc":{"start":{"line":85,"column":35},"end":{"line":94,"column":2}}},"5":{"name":"(anonymous_12)","decl":{"start":{"line":100,"column":2},"end":{"line":100,"column":3}},"loc":{"start":{"line":100,"column":35},"end":{"line":106,"column":2}}}},"branchMap":{},"s":{"0":1,"1":1,"2":1,"3":1,"4":1,"5":1,"6":1,"7":1,"8":1,"9":1,"10":1,"11":1,"12":1,"13":0,"14":0,"15":0,"16":1,"17":1,"18":1,"19":0,"20":0,"21":0,"22":1,"23":1,"24":1,"25":0,"26":0,"27":0,"28":1,"29":1,"30":1,"31":0,"32":0,"33":0,"34":1,"35":1,"36":1,"37":0,"38":0,"39":0,"40":1,"41":1,"42":1,"43":0,"44":0,"45":0,"46":1,"47":1},"f":{"0":0,"1":0,"2":0,"3":0,"4":0,"5":0},"b":{}}
,"/Users/nikitamistri/Documents/Projects/CovidTrackingAndComparison/frontend/src/components/ui/input.tsx": {"path":"/Users/nikitamistri/Documents/Projects/CovidTrackingAndComparison/frontend/src/components/ui/input.tsx","statementMap":{"0":{"start":{"line":1,"column":0},"end":{"line":1,"column":30}},"1":{"start":{"line":3,"column":0},"end":{"line":3,"column":32}},"2":{"start":{"line":5,"column":14},"end":{"line":18,"column":null}},"3":{"start":{"line":6,"column":20},"end":{"line":6,"column":25}},"4":{"start":{"line":6,"column":30},"end":{"line":6,"column":34}},"5":{"start":{"line":7,"column":4},"end":{"line":17,"column":null}},"6":{"start":{"line":22,"column":9},"end":{"line":22,"column":14}},"7":{"start":{"line":20,"column":0},"end":{"line":20,"column":null}}},"fnMap":{"0":{"name":"(anonymous_7)","decl":{"start":{"line":6,"column":2},"end":{"line":6,"column":3}},"loc":{"start":{"line":6,"column":41},"end":{"line":18,"column":3}}}},"branchMap":{},"s":{"0":0,"1":0,"2":0,"3":0,"4":0,"5":0,"6":0,"7":0},"f":{"0":0},"b":{}}
,"/Users/nikitamistri/Documents/Projects/CovidTrackingAndComparison/frontend/src/components/ui/loader.tsx": {"path":"/Users/nikitamistri/Documents/Projects/CovidTrackingAndComparison/frontend/src/components/ui/loader.tsx","statementMap":{"0":{"start":{"line":1,"column":15},"end":{"line":22,"column":1}},"1":{"start":{"line":2,"column":2},"end":{"line":21,"column":4}},"2":{"start":{"line":24,"column":0},"end":{"line":24,"column":22}}},"fnMap":{"0":{"name":"(anonymous_0)","decl":{"start":{"line":1,"column":15},"end":{"line":1,"column":16}},"loc":{"start":{"line":1,"column":57},"end":{"line":22,"column":1}}}},"branchMap":{},"s":{"0":1,"1":2,"2":1},"f":{"0":2},"b":{}}
,"/Users/nikitamistri/Documents/Projects/CovidTrackingAndComparison/frontend/src/components/ui/popover.tsx": {"path":"/Users/nikitamistri/Documents/Projects/CovidTrackingAndComparison/frontend/src/components/ui/popover.tsx","statementMap":{"0":{"start":{"line":1,"column":0},"end":{"line":1,"column":30}},"1":{"start":{"line":2,"column":0},"end":{"line":2,"column":59}},"2":{"start":{"line":4,"column":0},"end":{"line":4,"column":32}},"3":{"start":{"line":6,"column":16},"end":{"line":6,"column":37}},"4":{"start":{"line":31,"column":9},"end":{"line":31,"column":16}},"5":{"start":{"line":8,"column":23},"end":{"line":8,"column":47}},"6":{"start":{"line":31,"column":18},"end":{"line":31,"column":32}},"7":{"start":{"line":10,"column":22},"end":{"line":10,"column":45}},"8":{"start":{"line":31,"column":50},"end":{"line":31,"column":63}},"9":{"start":{"line":12,"column":23},"end":{"line":28,"column":2}},"10":{"start":{"line":15,"column":48},"end":{"line":15,"column":53}},"11":{"start":{"line":15,"column":58},"end":{"line":15,"column":62}},"12":{"start":{"line":15,"column":70},"end":{"line":28,"column":2}},"13":{"start":{"line":31,"column":34},"end":{"line":31,"column":48}},"14":{"start":{"line":29,"column":0},"end":{"line":29,"column":null}}},"fnMap":{"0":{"name":"(anonymous_7)","decl":{"start":{"line":15,"column":2},"end":{"line":15,"column":3}},"loc":{"start":{"line":15,"column":69},"end":{"line":28,"column":2}}}},"branchMap":{"0":{"loc":{"start":{"line":15,"column":16},"end":{"line":15,"column":32}},"type":"default-arg","locations":[{"start":{"line":15,"column":24},"end":{"line":15,"column":32}}]},"1":{"loc":{"start":{"line":15,"column":34},"end":{"line":15,"column":48}},"type":"default-arg","locations":[{"start":{"line":15,"column":47},"end":{"line":15,"column":48}}]}},"s":{"0":2,"1":2,"2":2,"3":2,"4":2,"5":2,"6":2,"7":2,"8":2,"9":2,"10":12,"11":12,"12":12,"13":2,"14":2},"f":{"0":12},"b":{"0":[8],"1":[12]}}
,"/Users/nikitamistri/Documents/Projects/CovidTrackingAndComparison/frontend/src/hooks/useApi.ts": {"path":"/Users/nikitamistri/Documents/Projects/CovidTrackingAndComparison/frontend/src/hooks/useApi.ts","statementMap":{"0":{"start":{"line":1,"column":0},"end":{"line":1,"column":44}},"1":{"start":{"line":3,"column":22},"end":{"line":30,"column":1}},"2":{"start":{"line":7,"column":26},"end":{"line":7,"column":60}},"3":{"start":{"line":8,"column":32},"end":{"line":8,"column":55}},"4":{"start":{"line":9,"column":28},"end":{"line":9,"column":57}},"5":{"start":{"line":11,"column":2},"end":{"line":27,"column":19}},"6":{"start":{"line":12,"column":22},"end":{"line":24,"column":6}},"7":{"start":{"line":12,"column":33},"end":{"line":24,"column":6}},"8":{"start":{"line":13,"column":6},"end":{"line":13,"column":27}},"9":{"start":{"line":13,"column":20},"end":{"line":13,"column":27}},"10":{"start":{"line":14,"column":6},"end":{"line":14,"column":23}},"11":{"start":{"line":15,"column":6},"end":{"line":15,"column":21}},"12":{"start":{"line":16,"column":6},"end":{"line":23,"column":7}},"13":{"start":{"line":17,"column":23},"end":{"line":17,"column":38}},"14":{"start":{"line":18,"column":8},"end":{"line":18,"column":24}},"15":{"start":{"line":20,"column":8},"end":{"line":20,"column":75}},"16":{"start":{"line":22,"column":8},"end":{"line":22,"column":26}},"17":{"start":{"line":26,"column":4},"end":{"line":26,"column":16}},"18":{"start":{"line":29,"column":2},"end":{"line":29,"column":34}},"19":{"start":{"line":3,"column":13},"end":{"line":3,"column":22}}},"fnMap":{"0":{"name":"(anonymous_7)","decl":{"start":{"line":3,"column":22},"end":{"line":3,"column":null}},"loc":{"start":{"line":6,"column":4},"end":{"line":30,"column":1}}},"1":{"name":"(anonymous_8)","decl":{"start":{"line":11,"column":12},"end":{"line":11,"column":15}},"loc":{"start":{"line":11,"column":17},"end":{"line":27,"column":3}}},"2":{"name":"(anonymous_9)","decl":{"start":{"line":12,"column":22},"end":{"line":12,"column":31}},"loc":{"start":{"line":12,"column":33},"end":{"line":24,"column":6}}},"3":{"name":"(anonymous_10)","decl":{"start":{"line":12,"column":33},"end":{"line":12,"column":null}},"loc":{"start":{"line":12,"column":33},"end":{"line":24,"column":5}}}},"branchMap":{"0":{"loc":{"start":{"line":5,"column":2},"end":{"line":5,"column":26}},"type":"default-arg","locations":[{"start":{"line":5,"column":24},"end":{"line":5,"column":26}}]},"1":{"loc":{"start":{"line":13,"column":6},"end":{"line":13,"column":27}},"type":"if","locations":[{"start":{"line":13,"column":6},"end":{"line":13,"column":27}}]},"2":{"loc":{"start":{"line":20,"column":17},"end":{"line":20,"column":73}},"type":"cond-expr","locations":[{"start":{"line":20,"column":40},"end":{"line":20,"column":51}},{"start":{"line":20,"column":54},"end":{"line":20,"column":73}}]}},"s":{"0":2,"1":2,"2":16,"3":16,"4":16,"5":16,"6":6,"7":6,"8":6,"9":0,"10":6,"11":6,"12":6,"13":6,"14":6,"15":0,"16":6,"17":6,"18":16,"19":2},"f":{"0":16,"1":6,"2":6,"3":6},"b":{"0":[0],"1":[0],"2":[0,0]}}
,"/Users/nikitamistri/Documents/Projects/CovidTrackingAndComparison/frontend/src/lib/utils.ts": {"path":"/Users/nikitamistri/Documents/Projects/CovidTrackingAndComparison/frontend/src/lib/utils.ts","statementMap":{"0":{"start":{"line":4,"column":0},"end":{"line":4,"column":16}},"1":{"start":{"line":1,"column":0},"end":{"line":1,"column":44}},"2":{"start":{"line":2,"column":0},"end":{"line":2,"column":40}},"3":{"start":{"line":5,"column":2},"end":{"line":5,"column":null}}},"fnMap":{"0":{"name":"cn","decl":{"start":{"line":4,"column":16},"end":{"line":4,"column":18}},"loc":{"start":{"line":4,"column":42},"end":{"line":6,"column":1}}}},"branchMap":{},"s":{"0":3,"1":3,"2":3,"3":87},"f":{"0":87},"b":{}}
,"/Users/nikitamistri/Documents/Projects/CovidTrackingAndComparison/frontend/src/store/store.ts": {"path":"/Users/nikitamistri/Documents/Projects/CovidTrackingAndComparison/frontend/src/store/store.ts","statementMap":{"0":{"start":{"line":1,"column":0},"end":{"line":1,"column":33}},"1":{"start":{"line":13,"column":13},"end":{"line":22,"column":4}},"2":{"start":{"line":13,"column":63},"end":{"line":22,"column":2}},"3":{"start":{"line":15,"column":41},"end":{"line":15,"column":59}},"4":{"start":{"line":17,"column":42},"end":{"line":17,"column":59}},"5":{"start":{"line":19,"column":38},"end":{"line":19,"column":53}},"6":{"start":{"line":21,"column":39},"end":{"line":21,"column":57}}},"fnMap":{"0":{"name":"(anonymous_0)","decl":{"start":{"line":13,"column":48},"end":{"line":13,"column":49}},"loc":{"start":{"line":13,"column":63},"end":{"line":22,"column":2}}},"1":{"name":"(anonymous_1)","decl":{"start":{"line":15,"column":16},"end":{"line":15,"column":17}},"loc":{"start":{"line":15,"column":41},"end":{"line":15,"column":59}}},"2":{"name":"(anonymous_2)","decl":{"start":{"line":17,"column":15},"end":{"line":17,"column":16}},"loc":{"start":{"line":17,"column":42},"end":{"line":17,"column":59}}},"3":{"name":"(anonymous_3)","decl":{"start":{"line":19,"column":13},"end":{"line":19,"column":14}},"loc":{"start":{"line":19,"column":38},"end":{"line":19,"column":53}}},"4":{"name":"(anonymous_4)","decl":{"start":{"line":21,"column":16},"end":{"line":21,"column":17}},"loc":{"start":{"line":21,"column":39},"end":{"line":21,"column":57}}}},"branchMap":{},"s":{"0":2,"1":2,"2":2,"3":0,"4":0,"5":0,"6":0},"f":{"0":2,"1":0,"2":0,"3":0,"4":0},"b":{}}
}
