TN:
SF:src/App.tsx
FN:23,(anonymous_1)
FN:25,(anonymous_2)
FN:29,(anonymous_3)
FN:36,(anonymous_4)
FN:68,(anonymous_5)
FN:77,(anonymous_6)
FNF:6
FNH:0
FNDA:0,(anonymous_1)
FNDA:0,(anonymous_2)
FNDA:0,(anonymous_3)
FNDA:0,(anonymous_4)
FNDA:0,(anonymous_5)
FNDA:0,(anonymous_6)
DA:1,0
DA:2,0
DA:3,0
DA:4,0
DA:5,0
DA:6,0
DA:7,0
DA:8,0
DA:9,0
DA:18,0
DA:19,0
DA:20,0
DA:21,0
DA:23,0
DA:25,0
DA:26,0
DA:27,0
DA:29,0
DA:30,0
DA:31,0
DA:33,0
DA:36,0
DA:37,0
DA:38,0
DA:39,0
DA:40,0
DA:41,0
DA:42,0
DA:46,0
DA:68,0
DA:78,0
DA:91,0
LF:32
LH:0
BRDA:30,0,0,0
BRDA:37,1,0,0
BRDA:38,2,0,0
BRDA:38,2,1,0
BRDA:38,3,0,0
BRDA:38,3,1,0
BRDA:39,4,0,0
BRDA:39,4,1,0
BRDA:41,5,0,0
BRDA:41,5,1,0
BRF:10
BRH:0
end_of_record
TN:
SF:src/main.tsx
FNF:0
FNH:0
DA:1,0
DA:2,0
DA:3,0
DA:4,0
DA:6,0
LF:5
LH:0
BRF:0
BRH:0
end_of_record
TN:
SF:src/api/getApis.ts
FN:3,(anonymous_8)
FN:3,(anonymous_9)
FN:18,(anonymous_10)
FN:23,(anonymous_11)
FN:40,(anonymous_12)
FN:42,(anonymous_13)
FN:56,(anonymous_14)
FN:58,(anonymous_15)
FN:74,(anonymous_16)
FN:74,(anonymous_17)
FN:83,(anonymous_18)
FN:88,(anonymous_19)
FNF:12
FNH:0
FNDA:0,(anonymous_8)
FNDA:0,(anonymous_9)
FNDA:0,(anonymous_10)
FNDA:0,(anonymous_11)
FNDA:0,(anonymous_12)
FNDA:0,(anonymous_13)
FNDA:0,(anonymous_14)
FNDA:0,(anonymous_15)
FNDA:0,(anonymous_16)
FNDA:0,(anonymous_17)
FNDA:0,(anonymous_18)
FNDA:0,(anonymous_19)
DA:1,0
DA:3,0
DA:4,0
DA:5,0
DA:18,0
DA:23,0
DA:24,0
DA:32,0
DA:40,0
DA:42,0
DA:43,0
DA:48,0
DA:56,0
DA:58,0
DA:59,0
DA:64,0
DA:74,0
DA:75,0
DA:80,0
DA:83,0
DA:88,0
DA:89,0
LF:22
LH:0
BRF:0
BRH:0
end_of_record
TN:
SF:src/api/httpClient.ts
FN:10,(anonymous_1)
FN:14,(anonymous_2)
FN:22,(anonymous_3)
FN:25,(anonymous_4)
FNF:4
FNH:0
FNDA:0,(anonymous_1)
FNDA:0,(anonymous_2)
FNDA:0,(anonymous_3)
FNDA:0,(anonymous_4)
DA:1,0
DA:4,0
DA:9,0
DA:12,0
DA:15,0
DA:16,0
DA:21,0
DA:23,0
DA:26,0
DA:28,0
DA:30,0
DA:32,0
DA:36,0
LF:13
LH:0
BRDA:28,0,0,0
BRDA:28,1,0,0
BRDA:28,1,1,0
BRF:3
BRH:0
end_of_record
TN:
SF:src/components/DateSelector.tsx
FN:17,(anonymous_7)
FN:19,(anonymous_8)
FN:22,(anonymous_9)
FN:69,(anonymous_10)
FN:69,(anonymous_11)
FNF:5
FNH:5
FNDA:4,(anonymous_7)
FNDA:12,(anonymous_8)
FNDA:2,(anonymous_9)
FNDA:1,(anonymous_10)
FNDA:1,(anonymous_11)
DA:1,1
DA:2,1
DA:3,1
DA:6,1
DA:7,1
DA:8,1
DA:9,1
DA:14,1
DA:15,1
DA:17,1
DA:19,12
DA:20,4
DA:22,4
DA:23,2
DA:24,0
DA:27,4
DA:69,1
DA:70,1
DA:71,1
DA:72,1
DA:73,1
DA:83,1
LF:22
LH:21
BRDA:23,0,0,0
BRDA:23,1,0,2
BRDA:23,1,1,0
BRDA:36,2,0,4
BRDA:36,2,1,2
BRDA:41,3,0,2
BRDA:41,3,1,2
BRDA:41,4,0,2
BRDA:41,4,1,2
BRDA:41,5,0,4
BRDA:41,5,1,4
BRDA:42,6,0,1
BRDA:42,6,1,1
BRDA:59,7,0,2
BRDA:59,7,1,2
BRDA:59,8,0,4
BRDA:59,8,1,4
BRDA:67,9,0,4
BRDA:67,9,1,2
BRDA:67,10,0,2
BRDA:67,10,1,2
BRDA:67,11,0,4
BRDA:67,11,1,4
BRDA:67,12,0,0
BRDA:67,12,1,2
BRDA:67,13,0,2
BRDA:67,13,1,2
BRDA:70,14,0,1
BRDA:70,15,0,1
BRDA:70,15,1,1
BRDA:70,16,0,0
BRDA:70,16,1,1
BRDA:70,17,0,1
BRDA:70,17,1,1
BRDA:70,18,0,0
BRDA:70,18,1,1
BRDA:70,19,0,1
BRDA:70,19,1,1
BRF:38
BRH:33
end_of_record
TN:
SF:src/components/Filters.tsx
FN:6,(anonymous_7)
FN:7,(anonymous_8)
FN:12,(anonymous_9)
FN:21,(anonymous_10)
FN:21,(anonymous_11)
FN:24,(anonymous_12)
FN:30,(anonymous_13)
FNF:7
FNH:0
FNDA:0,(anonymous_7)
FNDA:0,(anonymous_8)
FNDA:0,(anonymous_9)
FNDA:0,(anonymous_10)
FNDA:0,(anonymous_11)
FNDA:0,(anonymous_12)
FNDA:0,(anonymous_13)
DA:1,0
DA:2,0
DA:3,0
DA:4,0
DA:6,0
DA:7,0
DA:9,0
DA:13,0
DA:21,0
DA:22,0
DA:24,0
DA:27,0
DA:30,0
DA:42,0
LF:14
LH:0
BRF:0
BRH:0
end_of_record
TN:
SF:src/components/HeatMapChart.tsx
FN:29,(anonymous_1)
FN:32,(anonymous_2)
FN:37,(anonymous_3)
FN:39,(anonymous_4)
FN:49,(anonymous_5)
FN:55,(anonymous_6)
FN:71,(anonymous_7)
FN:81,(anonymous_8)
FN:94,(anonymous_9)
FN:95,(anonymous_10)
FN:96,(anonymous_11)
FNF:11
FNH:0
FNDA:0,(anonymous_1)
FNDA:0,(anonymous_2)
FNDA:0,(anonymous_3)
FNDA:0,(anonymous_4)
FNDA:0,(anonymous_5)
FNDA:0,(anonymous_6)
FNDA:0,(anonymous_7)
FNDA:0,(anonymous_8)
FNDA:0,(anonymous_9)
FNDA:0,(anonymous_10)
FNDA:0,(anonymous_11)
DA:1,0
DA:2,0
DA:3,0
DA:4,0
DA:5,0
DA:6,0
DA:7,0
DA:9,0
DA:11,0
DA:29,0
DA:30,0
DA:32,0
DA:33,0
DA:37,0
DA:39,0
DA:44,0
DA:46,0
DA:50,0
DA:51,0
DA:55,0
DA:71,0
DA:81,0
DA:95,0
DA:96,0
DA:97,0
DA:115,0
LF:26
LH:0
BRDA:37,0,0,0
BRDA:37,0,1,0
BRDA:37,1,0,0
BRDA:37,1,1,0
BRDA:39,2,0,0
BRDA:39,2,1,0
BRDA:39,3,0,0
BRDA:39,3,1,0
BRDA:39,4,0,0
BRDA:39,4,1,0
BRDA:54,5,0,0
BRDA:54,5,1,0
BRDA:71,6,0,0
BRDA:71,6,1,0
BRDA:71,7,0,0
BRDA:71,7,1,0
BRDA:81,8,0,0
BRDA:81,8,1,0
BRDA:81,9,0,0
BRDA:81,9,1,0
BRDA:88,10,0,0
BRDA:88,10,1,0
BRDA:92,11,0,0
BRDA:92,11,1,0
BRDA:92,11,2,0
BRDA:101,12,0,0
BRDA:101,12,1,0
BRF:27
BRH:0
end_of_record
TN:
SF:src/components/LineChartComponent.tsx
FN:49,(anonymous_1)
FN:54,(anonymous_2)
FN:55,(anonymous_3)
FN:67,(anonymous_4)
FN:69,(anonymous_5)
FN:71,(anonymous_6)
FN:85,(anonymous_7)
FN:91,(anonymous_8)
FN:122,(anonymous_9)
FN:129,(anonymous_10)
FN:130,(anonymous_11)
FN:133,(anonymous_12)
FNF:12
FNH:7
FNDA:4,(anonymous_1)
FNDA:0,(anonymous_2)
FNDA:2,(anonymous_3)
FNDA:8,(anonymous_4)
FNDA:2,(anonymous_5)
FNDA:4,(anonymous_6)
FNDA:20,(anonymous_7)
FNDA:0,(anonymous_8)
FNDA:0,(anonymous_9)
FNDA:0,(anonymous_10)
FNDA:0,(anonymous_11)
FNDA:4,(anonymous_12)
DA:1,1
DA:2,1
DA:3,1
DA:4,1
DA:5,1
DA:15,1
DA:16,1
DA:17,1
DA:19,1
DA:21,1
DA:49,1
DA:50,4
DA:54,4
DA:55,4
DA:56,2
DA:57,2
DA:64,0
DA:67,8
DA:69,4
DA:70,2
DA:72,4
DA:76,4
DA:82,4
DA:86,20
DA:87,20
DA:91,0
DA:122,0
DA:129,0
DA:130,0
DA:134,4
DA:150,1
LF:31
LH:26
BRDA:56,0,0,2
BRDA:56,1,0,2
BRDA:56,1,1,2
BRDA:56,1,2,2
BRDA:90,2,0,4
BRDA:90,2,1,16
BRDA:103,3,0,0
BRDA:103,3,1,4
BRDA:103,4,0,4
BRDA:103,4,1,4
BRDA:103,4,2,4
BRDA:112,5,0,2
BRDA:112,5,1,2
BRF:13
BRH:12
end_of_record
TN:
SF:src/components/Navbar.tsx
FN:5,(anonymous_1)
FN:6,(anonymous_2)
FNF:2
FNH:0
FNDA:0,(anonymous_1)
FNDA:0,(anonymous_2)
DA:1,0
DA:2,0
DA:3,0
DA:5,0
DA:6,0
DA:8,0
DA:22,0
LF:7
LH:0
BRDA:15,0,0,0
BRDA:15,0,1,0
BRF:2
BRH:0
end_of_record
TN:
SF:src/components/RadialAndBarCharts.tsx
FN:32,RadialAndBarCharts
FN:33,(anonymous_2)
FN:35,(anonymous_3)
FN:43,(anonymous_4)
FN:45,(anonymous_5)
FN:47,(anonymous_6)
FN:56,(anonymous_7)
FN:58,(anonymous_8)
FN:123,(anonymous_9)
FNF:9
FNH:0
FNDA:0,RadialAndBarCharts
FNDA:0,(anonymous_2)
FNDA:0,(anonymous_3)
FNDA:0,(anonymous_4)
FNDA:0,(anonymous_5)
FNDA:0,(anonymous_6)
FNDA:0,(anonymous_7)
FNDA:0,(anonymous_8)
FNDA:0,(anonymous_9)
DA:1,0
DA:12,0
DA:20,0
DA:26,0
DA:27,0
DA:28,0
DA:29,0
DA:30,0
DA:32,0
DA:33,0
DA:35,0
DA:36,0
DA:37,0
DA:39,0
DA:43,0
DA:45,0
DA:46,0
DA:47,0
DA:56,0
DA:57,0
DA:59,0
DA:63,0
DA:69,0
DA:124,0
LF:24
LH:0
BRDA:36,0,0,0
BRDA:46,1,0,0
BRDA:46,1,1,0
BRDA:71,2,0,0
BRDA:71,2,1,0
BRDA:75,3,0,0
BRDA:75,3,1,0
BRDA:124,4,0,0
BRDA:124,4,1,0
BRDA:124,5,0,0
BRDA:124,5,1,0
BRF:11
BRH:0
end_of_record
TN:
SF:src/components/SearchBar.tsx
FN:18,(anonymous_8)
FN:19,(anonymous_9)
FN:46,(anonymous_10)
FN:51,(anonymous_11)
FN:51,(anonymous_12)
FNF:5
FNH:5
FNDA:12,(anonymous_8)
FNDA:36,(anonymous_9)
FNDA:24,(anonymous_10)
FNDA:1,(anonymous_11)
FNDA:1,(anonymous_12)
DA:1,1
DA:2,1
DA:3,1
DA:4,1
DA:5,1
DA:6,1
DA:7,1
DA:15,1
DA:16,1
DA:18,1
DA:19,36
DA:20,12
DA:21,12
DA:22,12
DA:24,12
DA:47,24
DA:51,1
DA:52,1
DA:53,1
DA:54,1
DA:55,1
DA:56,1
DA:57,1
DA:58,1
DA:83,1
LF:25
LH:25
BRDA:25,0,0,12
BRDA:25,0,1,8
BRDA:25,0,2,8
BRDA:36,1,0,0
BRDA:36,1,1,8
BRDA:46,2,0,0
BRDA:46,2,1,8
BRDA:46,3,0,8
BRDA:46,3,1,8
BRDA:53,4,0,1
BRDA:57,5,0,1
BRDA:65,6,0,8
BRDA:65,6,1,16
BRF:13
BRH:11
end_of_record
TN:
SF:src/components/WorldMap.tsx
FN:37,(anonymous_1)
FN:41,(anonymous_2)
FN:45,(anonymous_3)
FN:47,(anonymous_4)
FN:50,(anonymous_5)
FN:60,(anonymous_6)
FN:71,(anonymous_7)
FN:78,(anonymous_8)
FN:80,(anonymous_9)
FN:87,(anonymous_10)
FN:94,(anonymous_11)
FN:100,(anonymous_12)
FN:116,(anonymous_13)
FN:117,(anonymous_14)
FN:123,(anonymous_15)
FNF:15
FNH:0
FNDA:0,(anonymous_1)
FNDA:0,(anonymous_2)
FNDA:0,(anonymous_3)
FNDA:0,(anonymous_4)
FNDA:0,(anonymous_5)
FNDA:0,(anonymous_6)
FNDA:0,(anonymous_7)
FNDA:0,(anonymous_8)
FNDA:0,(anonymous_9)
FNDA:0,(anonymous_10)
FNDA:0,(anonymous_11)
FNDA:0,(anonymous_12)
FNDA:0,(anonymous_13)
FNDA:0,(anonymous_14)
FNDA:0,(anonymous_15)
DA:1,0
DA:2,0
DA:8,0
DA:9,0
DA:10,0
DA:11,0
DA:12,0
DA:13,0
DA:14,0
DA:16,0
DA:18,0
DA:37,0
DA:38,0
DA:39,0
DA:41,0
DA:42,0
DA:45,0
DA:47,0
DA:49,0
DA:50,0
DA:51,0
DA:58,0
DA:59,0
DA:61,0
DA:62,0
DA:63,0
DA:68,0
DA:71,0
DA:72,0
DA:77,0
DA:79,0
DA:80,0
DA:86,0
DA:87,0
DA:91,0
DA:95,0
DA:96,0
DA:100,0
DA:117,0
DA:118,0
DA:124,0
DA:145,0
LF:42
LH:0
BRDA:58,0,0,0
BRDA:58,1,0,0
BRDA:58,1,1,0
BRDA:62,2,0,0
BRDA:62,2,1,0
BRDA:80,3,0,0
BRDA:80,3,1,0
BRDA:99,4,0,0
BRDA:99,4,1,0
BRDA:110,5,0,0
BRDA:110,5,1,0
BRDA:122,6,0,0
BRDA:122,6,1,0
BRF:13
BRH:0
end_of_record
TN:
SF:src/components/ui/badge.tsx
FN:30,Badge
FNF:1
FNH:0
FNDA:0,Badge
DA:2,0
DA:4,0
DA:6,0
DA:30,0
DA:31,0
DA:36,0
LF:6
LH:0
BRF:0
BRH:0
end_of_record
TN:
SF:src/components/ui/button.tsx
FN:44,(anonymous_7)
FNF:1
FNH:1
FNDA:23,(anonymous_7)
DA:1,2
DA:2,2
DA:3,2
DA:5,2
DA:7,2
DA:43,2
DA:44,23
DA:45,23
DA:46,23
DA:55,2
DA:57,2
LF:11
LH:11
BRDA:44,0,0,23
BRDA:45,1,0,0
BRDA:45,1,1,23
BRF:3
BRH:2
end_of_record
TN:
SF:src/components/ui/calendar.tsx
FN:10,Calendar
FN:61,(anonymous_2)
FN:62,(anonymous_3)
FNF:3
FNH:3
FNDA:3,Calendar
FNDA:6,(anonymous_2)
FNDA:6,(anonymous_3)
DA:2,1
DA:3,1
DA:5,1
DA:6,1
DA:13,3
DA:14,3
DA:16,3
DA:61,6
DA:62,6
DA:68,1
DA:70,1
LF:11
LH:11
BRDA:13,0,0,3
BRDA:39,1,0,3
BRDA:39,1,1,0
BRF:3
BRH:2
end_of_record
TN:
SF:src/components/ui/card.tsx
FN:8,(anonymous_7)
FN:23,(anonymous_8)
FN:35,(anonymous_9)
FN:47,(anonymous_10)
FN:59,(anonymous_11)
FN:67,(anonymous_12)
FNF:6
FNH:1
FNDA:4,(anonymous_7)
FNDA:0,(anonymous_8)
FNDA:0,(anonymous_9)
FNDA:0,(anonymous_10)
FNDA:0,(anonymous_11)
FNDA:0,(anonymous_12)
DA:1,1
DA:3,1
DA:5,1
DA:8,4
DA:18,1
DA:20,1
DA:23,0
DA:30,1
DA:32,1
DA:35,0
DA:42,1
DA:44,1
DA:47,0
DA:54,1
DA:56,1
DA:59,0
DA:62,1
DA:64,1
DA:67,0
DA:74,1
DA:76,1
LF:21
LH:16
BRF:0
BRH:0
end_of_record
TN:
SF:src/components/ui/chart.tsx
FN:30,useChart
FN:48,(anonymous_8)
FN:73,(anonymous_9)
FN:75,(anonymous_10)
FN:87,(anonymous_11)
FN:90,(anonymous_12)
FN:119,(anonymous_13)
FN:139,(anonymous_14)
FN:191,(anonymous_15)
FN:272,(anonymous_16)
FN:291,(anonymous_17)
FN:323,getPayloadConfigFromPayload
FNF:12
FNH:5
FNDA:0,useChart
FNDA:4,(anonymous_8)
FNDA:4,(anonymous_9)
FNDA:8,(anonymous_10)
FNDA:8,(anonymous_11)
FNDA:16,(anonymous_12)
FNDA:0,(anonymous_13)
FNDA:0,(anonymous_14)
FNDA:0,(anonymous_15)
FNDA:0,(anonymous_16)
FNDA:0,(anonymous_17)
FNDA:0,getPayloadConfigFromPayload
DA:1,1
DA:2,1
DA:9,1
DA:12,1
DA:28,1
DA:31,0
DA:33,0
DA:34,0
DA:37,0
DA:40,1
DA:48,4
DA:49,4
DA:50,4
DA:52,4
DA:71,1
DA:73,1
DA:74,4
DA:75,8
DA:78,4
DA:79,0
DA:82,4
DA:87,8
DA:92,16
DA:94,16
DA:106,1
DA:108,1
DA:137,0
DA:139,0
DA:140,0
DA:141,0
DA:144,0
DA:145,0
DA:146,0
DA:148,0
DA:152,0
DA:153,0
DA:160,0
DA:161,0
DA:164,0
DA:175,0
DA:176,0
DA:179,0
DA:181,0
DA:192,0
DA:193,0
DA:194,0
DA:196,0
DA:260,1
DA:262,1
DA:264,1
DA:276,0
DA:278,0
DA:279,0
DA:282,0
DA:292,0
DA:293,0
DA:295,0
DA:320,1
DA:328,0
DA:329,0
DA:333,0
DA:339,0
DA:341,0
DA:345,0
DA:346,0
DA:351,0
DA:356,0
DA:362,1
DA:363,1
DA:364,1
DA:365,1
DA:366,1
DA:367,1
LF:73
LH:31
BRDA:33,0,0,0
BRDA:50,1,0,4
BRDA:50,1,1,4
BRDA:75,2,0,8
BRDA:75,2,1,8
BRDA:78,3,0,0
BRDA:92,4,0,16
BRDA:92,4,1,16
BRDA:92,5,0,16
BRDA:92,5,1,0
BRDA:92,6,0,16
BRDA:92,6,1,16
BRDA:94,7,0,16
BRDA:94,7,1,0
BRDA:124,8,0,0
BRDA:125,9,0,0
BRDA:126,10,0,0
BRDA:140,11,0,0
BRDA:140,12,0,0
BRDA:140,12,1,0
BRDA:140,13,0,0
BRDA:140,13,1,0
BRDA:140,14,0,0
BRDA:140,14,1,0
BRDA:145,15,0,0
BRDA:145,15,1,0
BRDA:145,15,2,0
BRDA:145,15,3,0
BRDA:148,16,0,0
BRDA:148,16,1,0
BRDA:148,17,0,0
BRDA:148,17,1,0
BRDA:149,18,0,0
BRDA:149,18,1,0
BRDA:149,19,0,0
BRDA:149,19,1,0
BRDA:149,20,0,0
BRDA:149,20,1,0
BRDA:150,21,0,0
BRDA:150,21,1,0
BRDA:150,22,0,0
BRDA:150,22,1,0
BRDA:152,23,0,0
BRDA:160,24,0,0
BRDA:175,25,0,0
BRDA:175,26,0,0
BRDA:175,26,1,0
BRDA:175,27,0,0
BRDA:175,27,1,0
BRDA:175,28,0,0
BRDA:175,28,1,0
BRDA:179,29,0,0
BRDA:179,29,1,0
BRDA:189,30,0,0
BRDA:189,30,1,0
BRDA:192,31,0,0
BRDA:192,31,1,0
BRDA:192,31,2,0
BRDA:192,31,3,0
BRDA:194,32,0,0
BRDA:194,32,1,0
BRDA:194,32,2,0
BRDA:201,33,0,0
BRDA:201,33,1,0
BRDA:204,34,0,0
BRDA:204,34,1,0
BRDA:204,35,0,0
BRDA:204,35,1,0
BRDA:204,35,2,0
BRDA:204,36,0,0
BRDA:204,36,1,0
BRDA:204,37,0,0
BRDA:204,37,1,0
BRDA:208,38,0,0
BRDA:208,38,1,0
BRDA:208,39,0,0
BRDA:208,39,1,0
BRDA:208,40,0,0
BRDA:208,40,1,0
BRDA:211,41,0,0
BRDA:211,41,1,0
BRDA:220,42,0,0
BRDA:220,42,1,0
BRDA:235,43,0,0
BRDA:235,43,1,0
BRDA:239,44,0,0
BRDA:239,44,1,0
BRDA:241,45,0,0
BRDA:241,45,1,0
BRDA:241,46,0,0
BRDA:241,46,1,0
BRDA:241,47,0,0
BRDA:241,47,1,0
BRDA:244,48,0,0
BRDA:244,48,1,0
BRDA:273,49,0,0
BRDA:273,50,0,0
BRDA:278,51,0,0
BRDA:278,52,0,0
BRDA:278,52,1,0
BRDA:278,53,0,0
BRDA:278,53,1,0
BRDA:287,54,0,0
BRDA:287,54,1,0
BRDA:292,55,0,0
BRDA:292,55,1,0
BRDA:292,55,2,0
BRDA:302,56,0,0
BRDA:302,56,1,0
BRDA:302,57,0,0
BRDA:302,57,1,0
BRDA:302,58,0,0
BRDA:302,58,1,0
BRDA:302,59,0,0
BRDA:302,59,1,0
BRDA:312,60,0,0
BRDA:312,60,1,0
BRDA:312,61,0,0
BRDA:312,61,1,0
BRDA:328,62,0,0
BRDA:328,63,0,0
BRDA:328,63,1,0
BRDA:333,64,0,0
BRDA:333,64,1,0
BRDA:333,65,0,0
BRDA:333,65,1,0
BRDA:333,65,2,0
BRDA:341,66,0,0
BRDA:341,66,1,0
BRDA:342,67,0,0
BRDA:342,67,1,0
BRDA:346,68,0,0
BRDA:347,69,0,0
BRDA:347,69,1,0
BRDA:347,69,2,0
BRDA:356,70,0,0
BRDA:356,70,1,0
BRF:137
BRH:10
end_of_record
TN:
SF:src/components/ui/command.tsx
FN:12,(anonymous_7)
FN:24,(anonymous_8)
FN:39,(anonymous_9)
FN:58,(anonymous_10)
FN:71,(anonymous_11)
FN:84,(anonymous_12)
FN:100,(anonymous_13)
FN:112,(anonymous_14)
FN:125,(anonymous_15)
FNF:9
FNH:6
FNDA:4,(anonymous_7)
FNDA:0,(anonymous_8)
FNDA:4,(anonymous_9)
FNDA:4,(anonymous_10)
FNDA:4,(anonymous_11)
FNDA:4,(anonymous_12)
FNDA:0,(anonymous_13)
FNDA:12,(anonymous_14)
FNDA:0,(anonymous_15)
DA:1,1
DA:3,1
DA:4,1
DA:6,1
DA:7,1
DA:9,1
DA:12,4
DA:22,1
DA:24,1
DA:25,0
DA:36,1
DA:39,4
DA:53,1
DA:55,1
DA:58,4
DA:66,1
DA:68,1
DA:72,4
DA:79,1
DA:81,1
DA:84,4
DA:95,1
DA:97,1
DA:100,0
DA:107,1
DA:109,1
DA:112,12
DA:123,1
DA:125,1
DA:126,0
DA:127,0
DA:129,0
DA:139,1
DA:142,1
DA:143,1
DA:144,1
DA:145,1
DA:146,1
DA:147,1
DA:148,1
DA:149,1
DA:150,1
LF:42
LH:37
BRF:0
BRH:0
end_of_record
TN:
SF:src/components/ui/dialog.tsx
FN:18,(anonymous_7)
FN:33,(anonymous_8)
FN:54,(anonymous_9)
FN:68,(anonymous_10)
FN:85,(anonymous_11)
FN:100,(anonymous_12)
FNF:6
FNH:0
FNDA:0,(anonymous_7)
FNDA:0,(anonymous_8)
FNDA:0,(anonymous_9)
FNDA:0,(anonymous_10)
FNDA:0,(anonymous_11)
FNDA:0,(anonymous_12)
DA:1,1
DA:2,1
DA:3,1
DA:5,1
DA:7,1
DA:9,1
DA:11,1
DA:13,1
DA:15,1
DA:18,0
DA:28,1
DA:30,1
DA:33,0
DA:52,1
DA:54,1
DA:55,0
DA:56,0
DA:57,0
DA:66,1
DA:68,1
DA:69,0
DA:70,0
DA:71,0
DA:80,1
DA:82,1
DA:85,0
DA:95,1
DA:97,1
DA:100,0
DA:107,1
DA:110,1
DA:111,1
DA:112,1
DA:113,1
DA:114,1
DA:115,1
DA:116,1
DA:117,1
DA:118,1
DA:119,1
LF:40
LH:30
BRF:0
BRH:0
end_of_record
TN:
SF:src/components/ui/input.tsx
FN:6,(anonymous_7)
FNF:1
FNH:0
FNDA:0,(anonymous_7)
DA:1,0
DA:3,0
DA:5,0
DA:6,0
DA:7,0
DA:20,0
DA:22,0
LF:7
LH:0
BRF:0
BRH:0
end_of_record
TN:
SF:src/components/ui/loader.tsx
FN:1,(anonymous_0)
FNF:1
FNH:1
FNDA:2,(anonymous_0)
DA:1,1
DA:2,2
DA:24,1
LF:3
LH:3
BRF:0
BRH:0
end_of_record
TN:
SF:src/components/ui/popover.tsx
FN:15,(anonymous_7)
FNF:1
FNH:1
FNDA:12,(anonymous_7)
DA:1,2
DA:2,2
DA:4,2
DA:6,2
DA:8,2
DA:10,2
DA:12,2
DA:15,12
DA:29,2
DA:31,2
LF:10
LH:10
BRDA:15,0,0,8
BRDA:15,1,0,12
BRF:2
BRH:2
end_of_record
TN:
SF:src/hooks/useApi.ts
FN:3,(anonymous_7)
FN:11,(anonymous_8)
FN:12,(anonymous_9)
FN:12,(anonymous_10)
FNF:4
FNH:4
FNDA:16,(anonymous_7)
FNDA:6,(anonymous_8)
FNDA:6,(anonymous_9)
FNDA:6,(anonymous_10)
DA:1,2
DA:3,2
DA:7,16
DA:8,16
DA:9,16
DA:11,16
DA:12,6
DA:13,6
DA:14,6
DA:15,6
DA:16,6
DA:17,6
DA:18,6
DA:20,0
DA:22,6
DA:26,6
DA:29,16
LF:17
LH:16
BRDA:5,0,0,0
BRDA:13,1,0,0
BRDA:20,2,0,0
BRDA:20,2,1,0
BRF:4
BRH:0
end_of_record
TN:
SF:src/lib/utils.ts
FN:4,cn
FNF:1
FNH:1
FNDA:87,cn
DA:1,3
DA:2,3
DA:4,3
DA:5,87
LF:4
LH:4
BRF:0
BRH:0
end_of_record
TN:
SF:src/store/store.ts
FN:13,(anonymous_0)
FN:15,(anonymous_1)
FN:17,(anonymous_2)
FN:19,(anonymous_3)
FN:21,(anonymous_4)
FNF:5
FNH:1
FNDA:2,(anonymous_0)
FNDA:0,(anonymous_1)
FNDA:0,(anonymous_2)
FNDA:0,(anonymous_3)
FNDA:0,(anonymous_4)
DA:1,2
DA:13,2
DA:15,0
DA:17,0
DA:19,0
DA:21,0
LF:6
LH:2
BRF:0
BRH:0
end_of_record
